This is pdfTeX, Version 3.141592653-2.6-1.40.23 (MiKTeX 21.8) (preloaded format=pdflatex 2021.11.16)  19 JAN 2022 16:12
entering extended mode
**./refman.tex
(refman.tex
LaTeX2e <2021-06-01> patch level 1
L3 programming layer <2021-08-27>
(C:\Users\laura\AppData\Local\Programs\MiKTeX\tex/latex/base\book.cls
Document Class: book 2021/02/12 v1.4n Standard LaTeX document class
(C:\Users\laura\AppData\Local\Programs\MiKTeX\tex/latex/base\bk10.clo
File: bk10.clo 2021/02/12 v1.4n Standard LaTeX file (size option)
)
\c@part=\count182
\c@chapter=\count183
\c@section=\count184
\c@subsection=\count185
\c@subsubsection=\count186
\c@paragraph=\count187
\c@subparagraph=\count188
\c@figure=\count189
\c@table=\count190
\abovecaptionskip=\skip47
\belowcaptionskip=\skip48
\bibindent=\dimen138
)
(C:\Users\laura\AppData\Local\Programs\MiKTeX\tex/latex/base\ifthen.sty
Package: ifthen 2020/11/24 v1.1c Standard LaTeX ifthen package (DPC)
)
(C:\Users\laura\AppData\Local\Programs\MiKTeX\tex/latex/tools\array.sty
Rollback for package 'array' requested -> date 2016-10-06.
         Best approximation is the release introduced on 2016-10-06.

(C:\Users\laura\AppData\Local\Programs\MiKTeX\tex/latex/tools\array-2016-10-06.
sty
Package: array 2016/10/06 v2.4d Tabular extension package (FMi)
\col@sep=\dimen139
\extrarowheight=\dimen140
\NC@list=\toks16
\extratabsurround=\skip49
\backup@length=\skip50
)) (C:\Users\laura\AppData\Local\Programs\MiKTeX\tex/latex/base\fixltx2e.sty
Package: fixltx2e 2016/12/29 v2.1a fixes to LaTeX (obsolete)
Applying: [2015/01/01] Old fixltx2e package on input line 46.

Package fixltx2e Warning: fixltx2e is not required with releases after 2015
(fixltx2e)                All fixes are now in the LaTeX kernel.
(fixltx2e)                See the latexrelease package for details.

Already applied: [0000/00/00] Old fixltx2e package on input line 53.
) (doxygen.sty
Package: doxygen 

(C:\Users\laura\AppData\Local\Programs\MiKTeX\tex/latex/base\alltt.sty
Package: alltt 2021/01/29 v2.0g defines alltt environment
)
(C:\Users\laura\AppData\Local\Programs\MiKTeX\tex/latex/tools\calc.sty
Package: calc 2017/05/25 v4.3 Infix arithmetic (KKT,FJ)
\calc@Acount=\count191
\calc@Bcount=\count192
\calc@Adimen=\dimen141
\calc@Bdimen=\dimen142
\calc@Askip=\skip51
\calc@Bskip=\skip52
LaTeX Info: Redefining \setlength on input line 80.
LaTeX Info: Redefining \addtolength on input line 81.
\calc@Ccount=\count193
\calc@Cskip=\skip53
)
(C:\Users\laura\AppData\Local\Programs\MiKTeX\tex/latex/float\float.sty
Package: float 2001/11/08 v1.3d Float enhancements (AL)
\c@float@type=\count194
\float@exts=\toks17
\float@box=\box50
\@float@everytoks=\toks18
\@floatcapt=\box51
)
(C:\Users\laura\AppData\Local\Programs\MiKTeX\tex/latex/tools\verbatim.sty
Package: verbatim 2020-07-07 v1.5u LaTeX2e package for verbatim enhancements
\every@verbatim=\toks19
\verbatim@line=\toks20
\verbatim@in@stream=\read2
)
(C:\Users\laura\AppData\Local\Programs\MiKTeX\tex/latex/xcolor\xcolor.sty
Package: xcolor 2016/05/11 v2.12 LaTeX color extensions (UK)

(C:\Users\laura\AppData\Local\Programs\MiKTeX\tex/latex/graphics-cfg\color.cfg
File: color.cfg 2016/01/02 v1.6 sample color configuration
)
Package xcolor Info: Driver file: pdftex.def on input line 225.

(C:\Users\laura\AppData\Local\Programs\MiKTeX\tex/latex/graphics-def\pdftex.def
File: pdftex.def 2020/10/05 v1.2a Graphics/color driver for pdftex
) (C:\Users\laura\AppData\Local\Programs\MiKTeX\tex/latex/colortbl\colortbl.sty
Package: colortbl 2020/01/04 v1.0e Color table columns (DPC)
\everycr=\toks21
\minrowclearance=\skip54
)
\rownum=\count195
Package xcolor Info: Model `cmy' substituted by `cmy0' on input line 1348.
Package xcolor Info: Model `hsb' substituted by `rgb' on input line 1352.
Package xcolor Info: Model `RGB' extended on input line 1364.
Package xcolor Info: Model `HTML' substituted by `rgb' on input line 1366.
Package xcolor Info: Model `Hsb' substituted by `hsb' on input line 1367.
Package xcolor Info: Model `tHsb' substituted by `hsb' on input line 1368.
Package xcolor Info: Model `HSB' substituted by `hsb' on input line 1369.
Package xcolor Info: Model `Gray' substituted by `gray' on input line 1370.
Package xcolor Info: Model `wave' substituted by `hsb' on input line 1371.
) (longtable_doxygen.sty
Package: longtable_doxygen 2014/10/28 v4.11 Multi-page Table package (DPC) - fr
ozen version for doxygen
\LTleft=\skip55
\LTright=\skip56
\LTpre=\skip57
\LTpost=\skip58
\LTchunksize=\count196
\LTcapwidth=\dimen143
\LT@head=\box52
\LT@firsthead=\box53
\LT@foot=\box54
\LT@lastfoot=\box55
\LT@cols=\count197
\LT@rows=\count198
\c@LT@tables=\count199
\c@LT@chunks=\count266
\LT@p@ftn=\toks22
) (tabu_doxygen.sty
Package: tabu_doxygen 2011/02/26 v2.8 - flexible LaTeX tabulars (FC), frozen ve
rsion for doxygen

(C:\Users\laura\AppData\Local\Programs\MiKTeX\tex/latex/varwidth\varwidth.sty
Package: varwidth 2009/03/30 ver 0.92;  Variable-width minipages
\@vwid@box=\box56
\sift@deathcycles=\count267
\@vwid@loff=\dimen144
\@vwid@roff=\dimen145
)
\c@taburow=\count268
\tabu@nbcols=\count269
\tabu@cnt=\count270
\tabu@Xcol=\count271
\tabu@alloc=\count272
\tabu@nested=\count273
\tabu@target=\dimen146
\tabu@spreadtarget=\dimen147
\tabu@naturalX=\dimen148
\tabucolX=\dimen149
\tabu@Xsum=\dimen150
\extrarowdepth=\dimen151
\abovetabulinesep=\dimen152
\belowtabulinesep=\dimen153
\tabustrutrule=\dimen154
\tabu@thebody=\toks23
\tabu@footnotes=\toks24
\tabu@box=\box57
\tabu@arstrutbox=\box58
\tabu@hleads=\box59
\tabu@vleads=\box60
\tabu@cellskip=\skip59
) (C:\Users\laura\AppData\Local\Programs\MiKTeX\tex/latex/fancyvrb\fancyvrb.sty
Package: fancyvrb 2021/10/15 v3.9 verbatim text (tvz,hv)

(C:\Users\laura\AppData\Local\Programs\MiKTeX\tex/latex/graphics\keyval.sty
Package: keyval 2014/10/28 v1.15 key=value parser (DPC)
\KV@toks@=\toks25
)
\FV@CodeLineNo=\count274
\FV@InFile=\read3
\FV@TabBox=\box61
\c@FancyVerbLine=\count275
\FV@StepNumber=\count276
\FV@OutFile=\write3
)
(C:\Users\laura\AppData\Local\Programs\MiKTeX\tex/latex/tools\tabularx.sty
Package: tabularx 2020/01/15 v2.11c `tabularx' package (DPC)
\TX@col@width=\dimen155
\TX@old@table=\dimen156
\TX@old@col=\dimen157
\TX@target=\dimen158
\TX@delta=\dimen159
\TX@cols=\count277
\TX@ftn=\toks26
)
(C:\Users\laura\AppData\Local\Programs\MiKTeX\tex/latex/tools\multicol.sty
Package: multicol 2019/12/09 v1.8y multicolumn formatting (FMi)
\c@tracingmulticols=\count278
\mult@box=\box62
\multicol@leftmargin=\dimen160
\c@unbalance=\count279
\c@collectmore=\count280
\doublecol@number=\count281
\multicoltolerance=\count282
\multicolpretolerance=\count283
\full@width=\dimen161
\page@free=\dimen162
\premulticols=\dimen163
\postmulticols=\dimen164
\multicolsep=\skip60
\multicolbaselineskip=\skip61
\partial@page=\box63
\last@line=\box64
\maxbalancingoverflow=\dimen165
\mult@rightbox=\box65
\mult@grightbox=\box66
\mult@gfirstbox=\box67
\mult@firstbox=\box68
\@tempa=\box69
\@tempa=\box70
\@tempa=\box71
\@tempa=\box72
\@tempa=\box73
\@tempa=\box74
\@tempa=\box75
\@tempa=\box76
\@tempa=\box77
\@tempa=\box78
\@tempa=\box79
\@tempa=\box80
\@tempa=\box81
\@tempa=\box82
\@tempa=\box83
\@tempa=\box84
\@tempa=\box85
\@tempa=\box86
\@tempa=\box87
\@tempa=\box88
\@tempa=\box89
\@tempa=\box90
\@tempa=\box91
\@tempa=\box92
\@tempa=\box93
\@tempa=\box94
\@tempa=\box95
\@tempa=\box96
\@tempa=\box97
\@tempa=\box98
\@tempa=\box99
\@tempa=\box100
\@tempa=\box101
\@tempa=\box102
\@tempa=\box103
\@tempa=\box104
\@tempa=\box105
\c@minrows=\count284
\c@columnbadness=\count285
\c@finalcolumnbadness=\count286
\last@try=\dimen166
\multicolovershoot=\dimen167
\multicolundershoot=\dimen168
\mult@nat@firstbox=\box106
\colbreak@box=\box107
\mc@col@check@num=\count287
)
(C:\Users\laura\AppData\Local\Programs\MiKTeX\tex/latex/multirow\multirow.sty
Package: multirow 2021/03/15 v2.8 Span multiple rows of a table
\multirow@colwidth=\skip62
\multirow@cntb=\count288
\multirow@dima=\skip63
\bigstrutjot=\dimen169
)
(C:\Users\laura\AppData\Local\Programs\MiKTeX\tex/latex/hanging\hanging.sty
Package: hanging 2009/09/02 v1.2b hanging paragraphs and punctuation
\h@ngcommawd=\skip64
\h@ngfstopwd=\skip65
\h@ngquotewd=\skip66
\h@ngdquotewd=\skip67
\h@ngquerywd=\skip68
\h@ngexclwd=\skip69
\h@ngcolonwd=\skip70
\h@ngscolonwd=\skip71
)
(C:\Users\laura\AppData\Local\Programs\MiKTeX\tex/generic/iftex\ifpdf.sty
Package: ifpdf 2019/10/25 v3.4 ifpdf legacy package. Use iftex instead.

(C:\Users\laura\AppData\Local\Programs\MiKTeX\tex/generic/iftex\iftex.sty
Package: iftex 2020/03/06 v1.0d TeX engine tests
))
(C:\Users\laura\AppData\Local\Programs\MiKTeX\tex/latex/adjustbox\adjustbox.sty
Package: adjustbox 2020/08/19 v1.3 Adjusting TeX boxes (trim, clip, ...)
(C:\Users\laura\AppData\Local\Programs\MiKTeX\tex/latex/xkeyval\xkeyval.sty
Package: xkeyval 2020/11/20 v2.8 package option processing (HA)

(C:\Users\laura\AppData\Local\Programs\MiKTeX\tex/generic/xkeyval\xkeyval.tex
(C:\Users\laura\AppData\Local\Programs\MiKTeX\tex/generic/xkeyval\xkvutils.tex
\XKV@toks=\toks27
\XKV@tempa@toks=\toks28
)
\XKV@depth=\count289
File: xkeyval.tex 2014/12/03 v2.7a key=value parser (HA)
))
(C:\Users\laura\AppData\Local\Programs\MiKTeX\tex/latex/adjustbox\adjcalc.sty
Package: adjcalc 2012/05/16 v1.1 Provides advanced setlength with multiple back
-ends (calc, etex, pgfmath)
)
(C:\Users\laura\AppData\Local\Programs\MiKTeX\tex/latex/adjustbox\trimclip.sty
Package: trimclip 2020/08/19 v1.2 Trim and clip general TeX material

(C:\Users\laura\AppData\Local\Programs\MiKTeX\tex/latex/graphics\graphicx.sty
Package: graphicx 2020/12/05 v1.2c Enhanced LaTeX Graphics (DPC,SPQR)

(C:\Users\laura\AppData\Local\Programs\MiKTeX\tex/latex/graphics\graphics.sty
Package: graphics 2021/03/04 v1.4d Standard LaTeX Graphics (DPC,SPQR)

(C:\Users\laura\AppData\Local\Programs\MiKTeX\tex/latex/graphics\trig.sty
Package: trig 2016/01/03 v1.10 sin cos tan (DPC)
)
(C:\Users\laura\AppData\Local\Programs\MiKTeX\tex/latex/graphics-cfg\graphics.c
fg
File: graphics.cfg 2016/06/04 v1.11 sample graphics configuration
)
Package graphics Info: Driver file: pdftex.def on input line 107.
)
\Gin@req@height=\dimen170
\Gin@req@width=\dimen171
)
(C:\Users\laura\AppData\Local\Programs\MiKTeX\tex/latex/collectbox\collectbox.s
ty
Package: collectbox 2012/05/17 v0.4b Collect macro arguments as boxes
\collectedbox=\box108
)
\tc@llx=\dimen172
\tc@lly=\dimen173
\tc@urx=\dimen174
\tc@ury=\dimen175
Package trimclip Info: Using driver 'tc-pdftex.def'.

(C:\Users\laura\AppData\Local\Programs\MiKTeX\tex/latex/adjustbox\tc-pdftex.def
File: tc-pdftex.def 2019/01/04 v2.2 Clipping driver for pdftex
))
\adjbox@Width=\dimen176
\adjbox@Height=\dimen177
\adjbox@Depth=\dimen178
\adjbox@Totalheight=\dimen179
\adjbox@pwidth=\dimen180
\adjbox@pheight=\dimen181
\adjbox@pdepth=\dimen182
\adjbox@ptotalheight=\dimen183

(C:\Users\laura\AppData\Local\Programs\MiKTeX\tex/latex/ifoddpage\ifoddpage.sty
Package: ifoddpage 2016/04/23 v1.1 Conditionals for odd/even page detection
\c@checkoddpage=\count290
)) (C:\Users\laura\AppData\Local\Programs\MiKTeX\tex/latex/amsfonts\amssymb.sty
Package: amssymb 2013/01/14 v3.01 AMS font symbols
(C:\Users\laura\AppData\Local\Programs\MiKTeX\tex/latex/amsfonts\amsfonts.sty
Package: amsfonts 2013/01/14 v3.01 Basic AMSFonts support
\@emptytoks=\toks29
\symAMSa=\mathgroup4
\symAMSb=\mathgroup5
LaTeX Font Info:    Redeclaring math symbol \hbar on input line 98.
LaTeX Font Info:    Overwriting math alphabet `\mathfrak' in version `bold'
(Font)                  U/euf/m/n --> U/euf/b/n on input line 106.
))
(C:\Users\laura\AppData\Local\Programs\MiKTeX\tex/latex/stackengine\stackengine
.sty
Package: stackengine 2021/07/22 v4.11\ Stacking text and objects in convenient 
ways

(C:\Users\laura\AppData\Local\Programs\MiKTeX\tex/latex/etoolbox\etoolbox.sty
Package: etoolbox 2020/10/05 v2.5k e-TeX tools for LaTeX (JAW)
\etb@tempcnta=\count291
)
(C:\Users\laura\AppData\Local\Programs\MiKTeX\tex/latex/listofitems\listofitems
.sty
(C:\Users\laura\AppData\Local\Programs\MiKTeX\tex/generic/listofitems\listofite
ms.tex
\loi_cnt_foreach_nest=\count292
\loi_nestcnt=\count293
)
Package: listofitems 2019/08/21 v1.63 Grab items in lists using user-specified 
sep char (CT)
)
\c@@stackindex=\count294
\@boxshift=\skip72
\stack@tmplength=\skip73
\temp@stkl=\skip74
\@stackedboxwidth=\skip75
\@addedbox=\box109
\@anchorbox=\box110
\@insetbox=\box111
\se@backgroundbox=\box112
\stackedbox=\box113
\@centerbox=\box114
\c@ROWcellindex@=\count295
)
(C:\Users\laura\AppData\Local\Programs\MiKTeX\tex/latex/enumitem\enumitem.sty
Package: enumitem 2019/06/20 v3.9 Customized lists
\labelindent=\skip76
\enit@outerparindent=\dimen184
\enit@toks=\toks30
\enit@inbox=\box115
\enit@count@id=\count296
\enitdp@description=\count297
)
(C:\Users\laura\AppData\Local\Programs\MiKTeX\tex/generic/alphalph\alphalph.sty
Package: alphalph 2019/12/09 v2.6 Convert numbers to letters (HO)

(C:\Users\laura\AppData\Local\Programs\MiKTeX\tex/generic/infwarerr\infwarerr.s
ty
Package: infwarerr 2019/12/03 v1.5 Providing info/warning/error messages (HO)
)
(C:\Users\laura\AppData\Local\Programs\MiKTeX\tex/generic/intcalc\intcalc.sty
Package: intcalc 2019/12/15 v1.3 Expandable calculations with integers (HO)
)) (C:\Users\laura\AppData\Local\Programs\MiKTeX\tex/latex/ulem\ulem.sty
\UL@box=\box116
\UL@hyphenbox=\box117
\UL@skip=\skip77
\UL@hook=\toks31
\UL@height=\dimen185
\UL@pe=\count298
\UL@pixel=\dimen186
\ULC@box=\box118
Package: ulem 2019/11/18
\ULdepth=\dimen187
)
\xrefbox=\box119
\xreflength=\skip78
\CodeWidthChar=\skip79
\CodeHeightChar=\skip80
\DoxyCodeWidth=\skip81
)
(C:\Users\laura\AppData\Local\Programs\MiKTeX\tex/latex/base\inputenc.sty
Package: inputenc 2021/02/14 v1.3d Input encoding file
\inpenc@prehook=\toks32
\inpenc@posthook=\toks33
)
(C:\Users\laura\AppData\Local\Programs\MiKTeX\tex/latex/base\makeidx.sty
Package: makeidx 2014/09/29 v1.0m Standard LaTeX package
)
(C:\Users\laura\AppData\Local\Programs\MiKTeX\tex/latex/base\textcomp.sty
Package: textcomp 2020/02/02 v2.0n Standard LaTeX package
)
(C:\Users\laura\AppData\Local\Programs\MiKTeX\tex/latex/wasysym\wasysym.sty
Package: wasysym 2020/01/19 v2.4 Wasy-2 symbol support package
\symwasy=\mathgroup6
LaTeX Font Info:    Overwriting symbol font `wasy' in version `bold'
(Font)                  U/wasy/m/n --> U/wasy/b/n on input line 93.
)
(C:\Users\laura\AppData\Local\Programs\MiKTeX\tex/generic/iftex\ifxetex.sty
Package: ifxetex 2019/10/25 v0.7 ifxetex legacy package. Use iftex instead.
)
(C:\Users\laura\AppData\Local\Programs\MiKTeX\tex/latex/base\fontenc.sty
Package: fontenc 2021/04/29 v2.0v Standard LaTeX package
)
(C:\Users\laura\AppData\Local\Programs\MiKTeX\tex/latex/psnfss\helvet.sty
Package: helvet 2020/03/25 PSNFSS-v9.3 (WaS) 
)
(C:\Users\laura\AppData\Local\Programs\MiKTeX\tex/latex/psnfss\courier.sty
Package: courier 2020/03/25 PSNFSS-v9.3 (WaS) 
)
(C:\Users\laura\AppData\Local\Programs\MiKTeX\tex/latex/sectsty\sectsty.sty
Package: sectsty 2002/02/25 v2.0.2 Commands to change all sectional heading sty
les


LaTeX Warning: Command \underbar  has changed.
               Check if current package is valid.


LaTeX Warning: Command \underline  has changed.
               Check if current package is valid.

) (C:\Users\laura\AppData\Local\Programs\MiKTeX\tex/latex/geometry\geometry.sty
Package: geometry 2020/01/02 v5.9 Page Geometry
(C:\Users\laura\AppData\Local\Programs\MiKTeX\tex/generic/iftex\ifvtex.sty
Package: ifvtex 2019/10/25 v1.7 ifvtex legacy package. Use iftex instead.
)
\Gm@cnth=\count299
\Gm@cntv=\count300
\c@Gm@tempcnt=\count301
\Gm@bindingoffset=\dimen188
\Gm@wd@mp=\dimen189
\Gm@odd@mp=\dimen190
\Gm@even@mp=\dimen191
\Gm@layoutwidth=\dimen192
\Gm@layoutheight=\dimen193
\Gm@layouthoffset=\dimen194
\Gm@layoutvoffset=\dimen195
\Gm@dimlist=\toks34

(C:\Users\laura\AppData\Local\Programs\MiKTeX\tex/latex/geometry\geometry.cfg))
(C:\Users\laura\AppData\Local\Programs\MiKTeX\tex/latex/fancyhdr\fancyhdr.sty
Package: fancyhdr 2021/01/28 v4.0.1 Extensive control of page headers and foote
rs
\f@nch@headwidth=\skip82
\f@nch@O@elh=\skip83
\f@nch@O@erh=\skip84
\f@nch@O@olh=\skip85
\f@nch@O@orh=\skip86
\f@nch@O@elf=\skip87
\f@nch@O@erf=\skip88
\f@nch@O@olf=\skip89
\f@nch@O@orf=\skip90
)
(C:\Users\laura\AppData\Local\Programs\MiKTeX\tex/latex/natbib\natbib.sty
Package: natbib 2010/09/13 8.31b (PWD, AO)
\bibhang=\skip91
\bibsep=\skip92
LaTeX Info: Redefining \cite on input line 694.
\c@NAT@ctr=\count302
)
(C:\Users\laura\AppData\Local\Programs\MiKTeX\tex/latex/tocloft\tocloft.sty
Package: tocloft 2017/08/31 v2.3i parameterised ToC, etc., typesetting
Package tocloft Info: The document has chapter divisions on input line 51.
\cftparskip=\skip93
\cftbeforetoctitleskip=\skip94
\cftaftertoctitleskip=\skip95
\cftbeforepartskip=\skip96
\cftpartnumwidth=\skip97
\cftpartindent=\skip98
\cftbeforechapskip=\skip99
\cftchapindent=\skip100
\cftchapnumwidth=\skip101
\cftbeforesecskip=\skip102
\cftsecindent=\skip103
\cftsecnumwidth=\skip104
\cftbeforesubsecskip=\skip105
\cftsubsecindent=\skip106
\cftsubsecnumwidth=\skip107
\cftbeforesubsubsecskip=\skip108
\cftsubsubsecindent=\skip109
\cftsubsubsecnumwidth=\skip110
\cftbeforeparaskip=\skip111
\cftparaindent=\skip112
\cftparanumwidth=\skip113
\cftbeforesubparaskip=\skip114
\cftsubparaindent=\skip115
\cftsubparanumwidth=\skip116
\cftbeforeloftitleskip=\skip117
\cftafterloftitleskip=\skip118
\cftbeforefigskip=\skip119
\cftfigindent=\skip120
\cftfignumwidth=\skip121
\c@lofdepth=\count303
\c@lotdepth=\count304
\cftbeforelottitleskip=\skip122
\cftafterlottitleskip=\skip123
\cftbeforetabskip=\skip124
\cfttabindent=\skip125
\cfttabnumwidth=\skip126
)
\@indexfile=\write4
\openout4 = `refman.idx'.


Writing index file refman.idx

(C:\Users\laura\AppData\Local\Programs\MiKTeX\tex/latex/newunicodechar\newunico
dechar.sty
Package: newunicodechar 2018/04/08 v1.2 Defining Unicode characters
)

Package newunicodechar Warning: Redefining Unicode character on input line 116.



Package newunicodechar Warning: Redefining Unicode character on input line 117.


(C:\Users\laura\AppData\Local\Programs\MiKTeX\tex/latex/hyperref\hyperref.sty
Package: hyperref 2021-06-07 v7.00m Hypertext links for LaTeX

(C:\Users\laura\AppData\Local\Programs\MiKTeX\tex/generic/ltxcmds\ltxcmds.sty
Package: ltxcmds 2020-05-10 v1.25 LaTeX kernel commands for general use (HO)
)
(C:\Users\laura\AppData\Local\Programs\MiKTeX\tex/generic/pdftexcmds\pdftexcmds
.sty
Package: pdftexcmds 2020-06-27 v0.33 Utility functions of pdfTeX for LuaTeX (HO
)
Package pdftexcmds Info: \pdf@primitive is available.
Package pdftexcmds Info: \pdf@ifprimitive is available.
Package pdftexcmds Info: \pdfdraftmode found.
)
(C:\Users\laura\AppData\Local\Programs\MiKTeX\tex/generic/kvsetkeys\kvsetkeys.s
ty
Package: kvsetkeys 2019/12/15 v1.18 Key value parser (HO)
)
(C:\Users\laura\AppData\Local\Programs\MiKTeX\tex/generic/kvdefinekeys\kvdefine
keys.sty
Package: kvdefinekeys 2019-12-19 v1.6 Define keys (HO)
)
(C:\Users\laura\AppData\Local\Programs\MiKTeX\tex/generic/pdfescape\pdfescape.s
ty
Package: pdfescape 2019/12/09 v1.15 Implements pdfTeX's escape features (HO)
) (C:\Users\laura\AppData\Local\Programs\MiKTeX\tex/latex/hycolor\hycolor.sty
Package: hycolor 2020-01-27 v1.10 Color options for hyperref/bookmark (HO)
)
(C:\Users\laura\AppData\Local\Programs\MiKTeX\tex/latex/letltxmacro\letltxmacro
.sty
Package: letltxmacro 2019/12/03 v1.6 Let assignment for LaTeX macros (HO)
)
(C:\Users\laura\AppData\Local\Programs\MiKTeX\tex/latex/auxhook\auxhook.sty
Package: auxhook 2019-12-17 v1.6 Hooks for auxiliary files (HO)
)
(C:\Users\laura\AppData\Local\Programs\MiKTeX\tex/latex/kvoptions\kvoptions.sty
Package: kvoptions 2020-10-07 v3.14 Key value format for package options (HO)
)
\@linkdim=\dimen196
\Hy@linkcounter=\count305
\Hy@pagecounter=\count306
 (C:\Users\laura\AppData\Local\Programs\MiKTeX\tex/latex/hyperref\pd1enc.def
File: pd1enc.def 2021-06-07 v7.00m Hyperref: PDFDocEncoding definition (HO)
Now handling font encoding PD1 ...
... no UTF-8 mapping file for font encoding PD1
)
(C:\Users\laura\AppData\Local\Programs\MiKTeX\tex/latex/hyperref\hyperref-langp
atches.def
File: hyperref-langpatches.def 2021-06-07 v7.00m Hyperref: patches for babel la
nguages
)
(C:\Users\laura\AppData\Local\Programs\MiKTeX\tex/generic/etexcmds\etexcmds.sty
Package: etexcmds 2019/12/15 v1.7 Avoid name clashes with e-TeX commands (HO)
)
\Hy@SavedSpaceFactor=\count307
 (C:\Users\laura\AppData\Local\Programs\MiKTeX\tex/latex/hyperref\puenc.def
File: puenc.def 2021-06-07 v7.00m Hyperref: PDF Unicode definition (HO)
Now handling font encoding PU ...
... no UTF-8 mapping file for font encoding PU
)
Package hyperref Info: Hyper figures OFF on input line 4192.
Package hyperref Info: Link nesting OFF on input line 4197.
Package hyperref Info: Hyper index ON on input line 4200.
Package hyperref Info: Plain pages OFF on input line 4207.
Package hyperref Info: Backreferencing ON on input line 4210.
Package hyperref Info: Implicit mode ON; LaTeX internals redefined.
Package hyperref Info: Bookmarks ON on input line 4445.

(C:\Users\laura\AppData\Local\Programs\MiKTeX\tex/latex/hyperref\backref.sty
Package: backref 2021/02/04 v1.41 Bibliographical back referencing

(C:\Users\laura\AppData\Local\Programs\MiKTeX\tex/latex/rerunfilecheck\rerunfil
echeck.sty
Package: rerunfilecheck 2019/12/05 v1.9 Rerun checks for auxiliary files (HO)

(C:\Users\laura\AppData\Local\Programs\MiKTeX\tex/latex/base\atveryend-ltx.sty
Package: atveryend-ltx 2020/08/19 v1.0a Emulation of the original atvery packag
e
with kernel methods
)
(C:\Users\laura\AppData\Local\Programs\MiKTeX\tex/generic/uniquecounter\uniquec
ounter.sty
Package: uniquecounter 2019/12/15 v1.4 Provide unlimited unique counter (HO)

(C:\Users\laura\AppData\Local\Programs\MiKTeX\tex/generic/bigintcalc\bigintcalc
.sty
Package: bigintcalc 2019/12/15 v1.5 Expandable calculations on big integers (HO
)
))
Package uniquecounter Info: New unique counter `rerunfilecheck' on input line 2
86.
))
\c@Hy@tempcnt=\count308
 (C:\Users\laura\AppData\Local\Programs\MiKTeX\tex/latex/url\url.sty
\Urlmuskip=\muskip16
Package: url 2013/09/16  ver 3.4  Verb mode for urls, etc.
)
LaTeX Info: Redefining \url on input line 4804.
\XeTeXLinkMargin=\dimen197

(C:\Users\laura\AppData\Local\Programs\MiKTeX\tex/generic/bitset\bitset.sty
Package: bitset 2019/12/09 v1.3 Handle bit-vector datatype (HO)
)
\Fld@menulength=\count309
\Field@Width=\dimen198
\Fld@charsize=\dimen199
Package hyperref Info: Hyper figures OFF on input line 6076.
Package hyperref Info: Link nesting OFF on input line 6081.
Package hyperref Info: Hyper index ON on input line 6084.
Package hyperref Info: backreferencing ON on input line 6089.
Package hyperref Info: Link coloring OFF on input line 6096.
Package hyperref Info: Link coloring with OCG OFF on input line 6101.
Package hyperref Info: PDF/A mode OFF on input line 6106.
LaTeX Info: Redefining \ref on input line 6146.
LaTeX Info: Redefining \pageref on input line 6150.

(C:\Users\laura\AppData\Local\Programs\MiKTeX\tex/latex/base\atbegshi-ltx.sty
Package: atbegshi-ltx 2021/01/10 v1.0c Emulation of the original atbegshi
package with kernel methods
)
\Hy@abspage=\count310
\c@Item=\count311
\c@Hfootnote=\count312


LaTeX Warning: Command \LT@p@ftntext  has changed.
               Check if current package is valid.

)
Package hyperref Info: Driver: hpdftex.
 (C:\Users\laura\AppData\Local\Programs\MiKTeX\tex/latex/hyperref\hpdftex.def
File: hpdftex.def 2021-06-07 v7.00m Hyperref driver for pdfTeX
\Fld@listcount=\count313
\c@bookmark@seq@number=\count314
\Hy@SectionHShift=\skip127
)
Package hyperref Info: Option `colorlinks' set `true' on input line 134.
Package hyperref Info: Option `unicode' set `true' on input line 134.
(C:\Users\laura\AppData\Local\Programs\MiKTeX\tex/latex/caption\caption.sty
Package: caption 2020/10/26 v3.5g Customizing captions (AR)

(C:\Users\laura\AppData\Local\Programs\MiKTeX\tex/latex/caption\caption3.sty
Package: caption3 2020/10/21 v2.2e caption3 kernel (AR)
\captionmargin=\dimen256
\captionmargin@=\dimen257
\captionwidth=\dimen258
\caption@tempdima=\dimen259
\caption@indent=\dimen260
\caption@parindent=\dimen261
\caption@hangindent=\dimen262
Package caption Info: Standard document class detected.
)
\c@caption@flags=\count315
\c@continuedfloat=\count316
Package caption Info: float package is loaded.
Package caption Info: hyperref package is loaded.
Package caption Info: longtable package is loaded.

(C:\Users\laura\AppData\Local\Programs\MiKTeX\tex/latex/caption\ltcaption.sty
Package: ltcaption 2020/05/30 v1.4b longtable captions (AR)
)) (C:\Users\laura\AppData\Local\Programs\MiKTeX\tex/latex/etoc\etoc.sty
Package: etoc 2021/09/23 v1.09e Completely customisable TOCs (JFB)
\Etoc@toctoks=\toks35
\c@etoc@tocid=\count317
\c@etoc@tocdepth=\count318
\etoc@framed@titlebox=\box120
\etoc@framed@contentsbox=\box121
)
LaTeX Font Info:    Trying to load font information for T1+phv on input line 15
0.

(C:\Users\laura\AppData\Local\Programs\MiKTeX\tex/latex/psnfss\t1phv.fd
File: t1phv.fd 2020/03/25 scalable font definitions for T1/phv.
)
LaTeX Font Info:    Font shape `T1/phv/m/n' will be
(Font)              scaled to size 8.99994pt on input line 150.

(C:\Users\laura\AppData\Local\Programs\MiKTeX\tex/latex/l3backend\l3backend-pdf
tex.def
File: l3backend-pdftex.def 2021-08-04 L3 backend support: PDF output (pdfTeX)
\l__color_backend_stack_int=\count319
\l__pdf_internal_box=\box122
) (refman.aux)
\openout1 = `refman.aux'.

LaTeX Font Info:    Checking defaults for OML/cmm/m/it on input line 150.
LaTeX Font Info:    ... okay on input line 150.
LaTeX Font Info:    Checking defaults for OMS/cmsy/m/n on input line 150.
LaTeX Font Info:    ... okay on input line 150.
LaTeX Font Info:    Checking defaults for OT1/cmr/m/n on input line 150.
LaTeX Font Info:    ... okay on input line 150.
LaTeX Font Info:    Checking defaults for T1/cmr/m/n on input line 150.
LaTeX Font Info:    ... okay on input line 150.
LaTeX Font Info:    Checking defaults for TS1/cmr/m/n on input line 150.
LaTeX Font Info:    ... okay on input line 150.
LaTeX Font Info:    Checking defaults for OMX/cmex/m/n on input line 150.
LaTeX Font Info:    ... okay on input line 150.
LaTeX Font Info:    Checking defaults for U/cmr/m/n on input line 150.
LaTeX Font Info:    ... okay on input line 150.
LaTeX Font Info:    Checking defaults for PD1/pdf/m/n on input line 150.
LaTeX Font Info:    ... okay on input line 150.
LaTeX Font Info:    Checking defaults for PU/pdf/m/n on input line 150.
LaTeX Font Info:    ... okay on input line 150.

(C:\Users\laura\AppData\Local\Programs\MiKTeX\tex/context/base/mkii\supp-pdf.mk
ii
[Loading MPS to PDF converter (version 2006.09.02).]
\scratchcounter=\count320
\scratchdimen=\dimen263
\scratchbox=\box123
\nofMPsegments=\count321
\nofMParguments=\count322
\everyMPshowfont=\toks36
\MPscratchCnt=\count323
\MPscratchDim=\dimen264
\MPnumerator=\count324
\makeMPintoPDFobject=\count325
\everyMPtoPDFconversion=\toks37
)
(C:\Users\laura\AppData\Local\Programs\MiKTeX\tex/latex/epstopdf-pkg\epstopdf-b
ase.sty
Package: epstopdf-base 2020-01-24 v2.11 Base part for package epstopdf
Package epstopdf-base Info: Redefining graphics rule for `.eps' on input line 4
85.

(C:\Users\laura\AppData\Local\Programs\MiKTeX\tex/latex/00miktex\epstopdf-sys.c
fg
File: epstopdf-sys.cfg 2021/03/18 v2.0 Configuration of epstopdf for MiKTeX
))
*geometry* driver: auto-detecting
*geometry* detected driver: pdftex
*geometry* verbose mode - [ preamble ] result:
* driver: pdftex
* paper: a4paper
* layout: <same size as paper>
* layoutoffset:(h,v)=(0.0pt,0.0pt)
* modes: twoside 
* h-part:(L,W,R)=(71.13188pt, 455.24411pt, 71.13188pt)
* v-part:(T,H,B)=(71.13188pt, 702.78308pt, 71.13188pt)
* \paperwidth=597.50787pt
* \paperheight=845.04684pt
* \textwidth=455.24411pt
* \textheight=702.78308pt
* \oddsidemargin=-1.1381pt
* \evensidemargin=-1.1381pt
* \topmargin=-31.2056pt
* \headheight=12.0pt
* \headsep=18.06749pt
* \topskip=10.0pt
* \footskip=25.29494pt
* \marginparwidth=125.0pt
* \marginparsep=7.0pt
* \columnsep=10.0pt
* \skip\footins=9.0pt plus 4.0pt minus 2.0pt
* \hoffset=0.0pt
* \voffset=0.0pt
* \mag=1000
* \@twocolumnfalse
* \@twosidetrue
* \@mparswitchtrue
* \@reversemarginfalse
* (1in=72.27pt=25.4mm, 1cm=28.453pt)

Package hyperref Info: Link coloring ON on input line 150.
(C:\Users\laura\AppData\Local\Programs\MiKTeX\tex/latex/hyperref\nameref.sty
Package: nameref 2021-04-02 v2.47 Cross-referencing by name of section

(C:\Users\laura\AppData\Local\Programs\MiKTeX\tex/latex/refcount\refcount.sty
Package: refcount 2019/12/15 v3.6 Data extraction from label references (HO)
)
(C:\Users\laura\AppData\Local\Programs\MiKTeX\tex/generic/gettitlestring\gettit
lestring.sty
Package: gettitlestring 2019/12/15 v1.6 Cleanup title references (HO)
)
\c@section@level=\count326
)
LaTeX Info: Redefining \ref on input line 150.
LaTeX Info: Redefining \pageref on input line 150.
LaTeX Info: Redefining \nameref on input line 150.
 (refman.out) (refman.out)
\@outlinefile=\write5
\openout5 = `refman.out'.

Package backref Info: ** backref set up for natbib ** on input line 150.
Package caption Info: Begin \AtBeginDocument code.
Package caption Info: End \AtBeginDocument code.
\Etoc@tf=\read4
Package hyperref Info: Option `pageanchor' set `false' on input line 158.
Package hyperref Info: Option `bookmarksnumbered' set `true' on input line 158.

Package hyperref Info: Option `unicode' set `true' on input line 158.
LaTeX Font Info:    Font shape `T1/phv/m/n' will be
(Font)              scaled to size 12.9599pt on input line 163.
LaTeX Font Info:    Font shape `T1/phv/m/n' will be
(Font)              scaled to size 10.79993pt on input line 165.
 [1


{C:/Users/laura/AppData/Local/MiKTeX/pdftex/config/pdftex.map}] [2

]
\tf@toc=\write6
\openout6 = `refman.toc'.

LaTeX Font Info:    Font shape `T1/phv/b/n' will be
(Font)              scaled to size 8.99994pt on input line 171.
LaTeX Font Info:    Trying to load font information for U+msa on input line 171
.

(C:\Users\laura\AppData\Local\Programs\MiKTeX\tex/latex/amsfonts\umsa.fd
File: umsa.fd 2013/01/14 v3.01 AMS symbols A
)
LaTeX Font Info:    Trying to load font information for U+msb on input line 171
.

(C:\Users\laura\AppData\Local\Programs\MiKTeX\tex/latex/amsfonts\umsb.fd
File: umsb.fd 2013/01/14 v3.01 AMS symbols B
)
LaTeX Font Info:    Trying to load font information for U+wasy on input line 17
1.

(C:\Users\laura\AppData\Local\Programs\MiKTeX\tex/latex/wasysym\uwasy.fd
File: uwasy.fd 2020/01/19 v2.4 Wasy-2 symbol font definitions
)
LaTeX Font Info:    Font shape `T1/phv/m/n' will be
(Font)              scaled to size 6.29996pt on input line 171.
LaTeX Font Info:    Font shape `T1/phv/b/n' will be
(Font)              scaled to size 6.29996pt on input line 171.

[1] [2] [3] [4] [5] [6] [7] [8] [9] [10] [11] [12] [13] [14]
Package hyperref Info: Option `pageanchor' set `true' on input line 174.

Chapter 1.
LaTeX Font Info:    Font shape `T1/phv/m/n' will be
(Font)              scaled to size 18.66588pt on input line 176.
LaTeX Font Info:    Font shape `T1/phv/b/n' will be
(Font)              scaled to size 18.66588pt on input line 176.
LaTeX Font Info:    Font shape `T1/phv/bc/n' will be
(Font)              scaled to size 18.66588pt on input line 176.
LaTeX Font Info:    Font shape `T1/phv/m/n' will be
(Font)              scaled to size 22.39185pt on input line 176.
LaTeX Font Info:    Font shape `T1/phv/b/n' will be
(Font)              scaled to size 22.39185pt on input line 176.
LaTeX Font Info:    Font shape `T1/phv/bc/n' will be
(Font)              scaled to size 22.39185pt on input line 176.
(namespaces.tex
LaTeX Font Info:    Font shape `T1/phv/b/n' will be
(Font)              scaled to size 12.9599pt on input line 1.
) [1


] [2

]
Chapter 2.
(hierarchy.tex) [3] [4

]
Chapter 3.
(annotated.tex) [5] [6

]
Chapter 4.
(files.tex) [7] [8

]
Chapter 5.
(namespaceuk_1_1gov_1_1gchq_1_1syntheticdatagenerator.tex
LaTeX Font Info:    Font shape `T1/phv/b/n' will be
(Font)              scaled to size 10.79993pt on input line 3.
LaTeX Font Info:    Trying to load font information for TS1+phv on input line 6
.

(C:\Users\laura\AppData\Local\Programs\MiKTeX\tex/latex/psnfss\ts1phv.fd
File: ts1phv.fd 2020/03/25 scalable font definitions for TS1/phv.
)
LaTeX Font Info:    Font shape `TS1/phv/m/n' will be
(Font)              scaled to size 8.99994pt on input line 6.
LaTeX Font Info:    Font shape `T1/phv/m/n' will be
(Font)              scaled to size 8.09995pt on input line 18.
LaTeX Font Info:    Font shape `T1/phv/m/it' in size <9> not available
(Font)              Font shape `T1/phv/m/sl' tried instead on input line 18.
LaTeX Font Info:    Font shape `T1/phv/m/sl' will be
(Font)              scaled to size 8.09995pt on input line 18.
)
(namespaceuk_1_1gov_1_1gchq_1_1syntheticdatagenerator_1_1serialise.tex)
(namespaceuk_1_1gov_1_1gchq_1_1syntheticdatagenerator_1_1types.tex [9])
(namespaceuk_1_1gov_1_1gchq_1_1syntheticdatagenerator_1_1utils.tex) [10]
Chapter 6.
(classuk_1_1gov_1_1gchq_1_1syntheticdatagenerator_1_1types_1_1_address.tex
Package epstopdf Info: Source file: <classuk_1_1gov_1_1gchq_1_1syntheticdatagen
erator_1_1types_1_1_address.eps>
(epstopdf)                    date: 2022-01-18 19:16:42
(epstopdf)                    size: 3862 bytes
(epstopdf)             Output file: <classuk_1_1gov_1_1gchq_1_1syntheticdatagen
erator_1_1types_1_1_address-eps-converted-to.pdf>
(epstopdf)                    date: 2022-01-19 16:11:36
(epstopdf)                    size: 6668 bytes
(epstopdf)             Command: <miktex-epstopdf --outfile=classuk_1_1gov_1_1gc
hq_1_1syntheticdatagenerator_1_1types_1_1_address-eps-converted-to.pdf classuk_
1_1gov_1_1gchq_1_1syntheticdatagenerator_1_1types_1_1_address.eps>
(epstopdf)             \includegraphics on input line 11.
Package epstopdf Info: Output file is already uptodate.


pdfTeX warning: pdflatex (file ./classuk_1_1gov_1_1gchq_1_1syntheticdatagenerat
or_1_1types_1_1_address-eps-converted-to.pdf): PDF inclusion: found PDF version
 <1.7>, but at most version <1.5> allowed
 <./classuk_1_1gov_1_1gchq_1_1syntheticdatagenerator_1_1types_1_1_address-eps-c
onverted-to.pdf>
<classuk_1_1gov_1_1gchq_1_1syntheticdatagenerator_1_1types_1_1_address-eps-conv
erted-to.pdf, id=3163, 501.875pt x 131.49126pt>
File: classuk_1_1gov_1_1gchq_1_1syntheticdatagenerator_1_1types_1_1_address-eps
-converted-to.pdf Graphic file (type pdf)
<use classuk_1_1gov_1_1gchq_1_1syntheticdatagenerator_1_1types_1_1_address-eps-
converted-to.pdf>
Package pdftex.def Info: classuk_1_1gov_1_1gchq_1_1syntheticdatagenerator_1_1ty
pes_1_1_address-eps-converted-to.pdf  used on input line 11.
(pdftex.def)             Requested size: 217.19579pt x 56.9055pt.
 [11

]
LaTeX Font Info:    Font shape `T1/phv/m/n' will be
(Font)              scaled to size 7.19995pt on input line 54.
LaTeX Font Info:    Trying to load font information for T1+pcr on input line 54
.

(C:\Users\laura\AppData\Local\Programs\MiKTeX\tex/latex/psnfss\t1pcr.fd
File: t1pcr.fd 2001/06/04 font definitions for T1/pcr.
)
LaTeX Font Info:    Font shape `T1/pcr/m/it' in size <8> not available
(Font)              Font shape `T1/pcr/m/sl' tried instead on input line 54.

Underfull \hbox (badness 10000) detected at line 67
[][][]
 []


Underfull \hbox (badness 10000) detected at line 80
[][][]
 []


Underfull \hbox (badness 10000) detected at line 93
[][][]
 []

[12]
Underfull \hbox (badness 10000) detected at line 106
[][][]
 []


Underfull \hbox (badness 10000) detected at line 119
[][][]
 []


Underfull \hbox (badness 10000) detected at line 132
[][][]
 []

[13]
LaTeX Font Info:    Font shape `T1/pcr/m/it' in size <7> not available
(Font)              Font shape `T1/pcr/m/sl' tried instead on input line 169.
 [14]
Underfull \hbox (badness 10000) detected at line 220
[][][]
 []

)
(classuk_1_1gov_1_1gchq_1_1syntheticdatagenerator_1_1serialise_1_1_avro_seriali
ser.tex
Package epstopdf Info: Source file: <classuk_1_1gov_1_1gchq_1_1syntheticdatagen
erator_1_1serialise_1_1_avro_serialiser.eps>
(epstopdf)                    date: 2022-01-18 19:16:42
(epstopdf)                    size: 3990 bytes
(epstopdf)             Output file: <classuk_1_1gov_1_1gchq_1_1syntheticdatagen
erator_1_1serialise_1_1_avro_serialiser-eps-converted-to.pdf>
(epstopdf)                    date: 2022-01-19 16:11:38
(epstopdf)                    size: 6615 bytes
(epstopdf)             Command: <miktex-epstopdf --outfile=classuk_1_1gov_1_1gc
hq_1_1syntheticdatagenerator_1_1serialise_1_1_avro_serialiser-eps-converted-to.
pdf classuk_1_1gov_1_1gchq_1_1syntheticdatagenerator_1_1serialise_1_1_avro_seri
aliser.eps>
(epstopdf)             \includegraphics on input line 6.
Package epstopdf Info: Output file is already uptodate.


pdfTeX warning: pdflatex (file ./classuk_1_1gov_1_1gchq_1_1syntheticdatagenerat
or_1_1serialise_1_1_avro_serialiser-eps-converted-to.pdf): PDF inclusion: found
 PDF version <1.7>, but at most version <1.5> allowed
 <./classuk_1_1gov_1_1gchq_1_1syntheticdatagenerator_1_1serialise_1_1_avro_seri
aliser-eps-converted-to.pdf>
<classuk_1_1gov_1_1gchq_1_1syntheticdatagenerator_1_1serialise_1_1_avro_seriali
ser-eps-converted-to.pdf, id=3222, 501.875pt x 102.3825pt>
File: classuk_1_1gov_1_1gchq_1_1syntheticdatagenerator_1_1serialise_1_1_avro_se
rialiser-eps-converted-to.pdf Graphic file (type pdf)
<use classuk_1_1gov_1_1gchq_1_1syntheticdatagenerator_1_1serialise_1_1_avro_ser
ialiser-eps-converted-to.pdf>
Package pdftex.def Info: classuk_1_1gov_1_1gchq_1_1syntheticdatagenerator_1_1se
rialise_1_1_avro_serialiser-eps-converted-to.pdf  used on input line 6.
(pdftex.def)             Requested size: 278.95744pt x 56.9055pt.


Package hyperref Warning: Suppressing link with empty target on input line 28.


Package hyperref Warning: Suppressing link with empty target on input line 28.


Package hyperref Warning: Suppressing link with empty target on input line 28.

[15] [16]
Underfull \hbox (badness 10000) detected at line 71
[][][]
 []


Underfull \hbox (badness 10000) in paragraph at lines 83--84
\T1/pcr/m/n/8 Class$\OML/cmm/m/it/8 <$ \T1/pcr/m/n/8 O $\OML/cmm/m/it/8 >$ []$<
$ \T1/pcr/m/n/8 O $\OML/cmm/m/it/8 >$\T1/pcr/m/n/8 .get[]Domain[]Class (
 []

[17]
Underfull \hbox (badness 10000) detected at line 89
[][][]
 []

)
(classuk_1_1gov_1_1gchq_1_1syntheticdatagenerator_1_1types_1_1_bank_details.tex
Package epstopdf Info: Source file: <classuk_1_1gov_1_1gchq_1_1syntheticdatagen
erator_1_1types_1_1_bank_details.eps>
(epstopdf)                    date: 2022-01-18 19:16:42
(epstopdf)                    size: 3870 bytes
(epstopdf)             Output file: <classuk_1_1gov_1_1gchq_1_1syntheticdatagen
erator_1_1types_1_1_bank_details-eps-converted-to.pdf>
(epstopdf)                    date: 2022-01-19 16:11:40
(epstopdf)                    size: 6836 bytes
(epstopdf)             Command: <miktex-epstopdf --outfile=classuk_1_1gov_1_1gc
hq_1_1syntheticdatagenerator_1_1types_1_1_bank_details-eps-converted-to.pdf cla
ssuk_1_1gov_1_1gchq_1_1syntheticdatagenerator_1_1types_1_1_bank_details.eps>
(epstopdf)             \includegraphics on input line 6.
Package epstopdf Info: Output file is already uptodate.


pdfTeX warning: pdflatex (file ./classuk_1_1gov_1_1gchq_1_1syntheticdatagenerat
or_1_1types_1_1_bank_details-eps-converted-to.pdf): PDF inclusion: found PDF ve
rsion <1.7>, but at most version <1.5> allowed
 <./classuk_1_1gov_1_1gchq_1_1syntheticdatagenerator_1_1types_1_1_bank_details-
eps-converted-to.pdf>
<classuk_1_1gov_1_1gchq_1_1syntheticdatagenerator_1_1types_1_1_bank_details-eps
-converted-to.pdf, id=3264, 501.875pt x 123.46124pt>
File: classuk_1_1gov_1_1gchq_1_1syntheticdatagenerator_1_1types_1_1_bank_detail
s-eps-converted-to.pdf Graphic file (type pdf)
<use classuk_1_1gov_1_1gchq_1_1syntheticdatagenerator_1_1types_1_1_bank_details
-eps-converted-to.pdf>
Package pdftex.def Info: classuk_1_1gov_1_1gchq_1_1syntheticdatagenerator_1_1ty
pes_1_1_bank_details-eps-converted-to.pdf  used on input line 6.
(pdftex.def)             Requested size: 231.32477pt x 56.9055pt.
 [18]
Underfull \hbox (badness 10000) detected at line 45
[][][]
 []


Underfull \hbox (badness 10000) detected at line 58
[][][]
 []

[19]
Underfull \hbox (badness 10000) detected at line 71
[][][]
 []


Underfull \hbox (badness 10000) detected at line 114
[][][]
 []

) (classuk_1_1gov_1_1gchq_1_1syntheticdatagenerator_1_1_create_data.tex
[20]
Underfull \hbox (badness 10000) in paragraph at lines 17--18
\T1/pcr/m/n/8 static Thread[]Factory uk.[]gov.[]gchq.[]syntheticdatagenerator.[
]Create[]Data.[]create[]Daemon[]Thread[]Factory (
 []


Package hyperref Warning: Suppressing link with empty target on input line 19.


Underfull \hbox (badness 10000) detected at line 21
[][][]
 []

) (classuk_1_1gov_1_1gchq_1_1syntheticdatagenerator_1_1_create_data_file.tex
Package epstopdf Info: Source file: <classuk_1_1gov_1_1gchq_1_1syntheticdatagen
erator_1_1_create_data_file.eps>
(epstopdf)                    date: 2022-01-18 19:16:42
(epstopdf)                    size: 3926 bytes
(epstopdf)             Output file: <classuk_1_1gov_1_1gchq_1_1syntheticdatagen
erator_1_1_create_data_file-eps-converted-to.pdf>
(epstopdf)                    date: 2022-01-19 16:11:42
(epstopdf)                    size: 6990 bytes
(epstopdf)             Command: <miktex-epstopdf --outfile=classuk_1_1gov_1_1gc
hq_1_1syntheticdatagenerator_1_1_create_data_file-eps-converted-to.pdf classuk_
1_1gov_1_1gchq_1_1syntheticdatagenerator_1_1_create_data_file.eps>
(epstopdf)             \includegraphics on input line 11.
Package epstopdf Info: Output file is already uptodate.


pdfTeX warning: pdflatex (file ./classuk_1_1gov_1_1gchq_1_1syntheticdatagenerat
or_1_1_create_data_file-eps-converted-to.pdf): PDF inclusion: found PDF version
 <1.7>, but at most version <1.5> allowed
 <./classuk_1_1gov_1_1gchq_1_1syntheticdatagenerator_1_1_create_data_file-eps-c
onverted-to.pdf>
<classuk_1_1gov_1_1gchq_1_1syntheticdatagenerator_1_1_create_data_file-eps-conv
erted-to.pdf, id=3308, 501.875pt x 129.48375pt>
File: classuk_1_1gov_1_1gchq_1_1syntheticdatagenerator_1_1_create_data_file-eps
-converted-to.pdf Graphic file (type pdf)
<use classuk_1_1gov_1_1gchq_1_1syntheticdatagenerator_1_1_create_data_file-eps-
converted-to.pdf>
Package pdftex.def Info: classuk_1_1gov_1_1gchq_1_1syntheticdatagenerator_1_1_c
reate_data_file-eps-converted-to.pdf  used on input line 11.
(pdftex.def)             Requested size: 220.5653pt x 56.9055pt.
 [21] [22]
Underfull \hbox (badness 10000) detected at line 67
[][][]
 []


Underfull \hbox (badness 10000) detected at line 85
[][][]
 []

)
(classuk_1_1gov_1_1gchq_1_1syntheticdatagenerator_1_1utils_1_1_date_helper.tex
[23])
(enumuk_1_1gov_1_1gchq_1_1syntheticdatagenerator_1_1types_1_1_department.tex
[24]
Underfull \hbox (badness 10000) detected at line 57
[][][]
 []


Underfull \hbox (badness 10000) in paragraph at lines 103--104
\T1/pcr/m/n/8 uk.[]gov.[]gchq.[]syntheticdatagenerator.[]types.[]Department.[]H
IGHER[]_[][]POLYTECHNIC[]_[][]SCHOOL[]_[][]OF[]_[][]ENGINEERING[]
 []

[25])
(classuk_1_1gov_1_1gchq_1_1syntheticdatagenerator_1_1types_1_1_emergency_contac
t.tex
Package epstopdf Info: Source file: <classuk_1_1gov_1_1gchq_1_1syntheticdatagen
erator_1_1types_1_1_emergency_contact.eps>
(epstopdf)                    date: 2022-01-18 19:16:42
(epstopdf)                    size: 3880 bytes
(epstopdf)             Output file: <classuk_1_1gov_1_1gchq_1_1syntheticdatagen
erator_1_1types_1_1_emergency_contact-eps-converted-to.pdf>
(epstopdf)                    date: 2022-01-19 16:11:44
(epstopdf)                    size: 6989 bytes
(epstopdf)             Command: <miktex-epstopdf --outfile=classuk_1_1gov_1_1gc
hq_1_1syntheticdatagenerator_1_1types_1_1_emergency_contact-eps-converted-to.pd
f classuk_1_1gov_1_1gchq_1_1syntheticdatagenerator_1_1types_1_1_emergency_conta
ct.eps>
(epstopdf)             \includegraphics on input line 6.
Package epstopdf Info: Output file is already uptodate.


pdfTeX warning: pdflatex (file ./classuk_1_1gov_1_1gchq_1_1syntheticdatagenerat
or_1_1types_1_1_emergency_contact-eps-converted-to.pdf): PDF inclusion: found P
DF version <1.7>, but at most version <1.5> allowed
 <./classuk_1_1gov_1_1gchq_1_1syntheticdatagenerator_1_1types_1_1_emergency_con
tact-eps-converted-to.pdf>
<classuk_1_1gov_1_1gchq_1_1syntheticdatagenerator_1_1types_1_1_emergency_contac
t-eps-converted-to.pdf, id=3392, 501.875pt x 109.40875pt>
File: classuk_1_1gov_1_1gchq_1_1syntheticdatagenerator_1_1types_1_1_emergency_c
ontact-eps-converted-to.pdf Graphic file (type pdf)
<use classuk_1_1gov_1_1gchq_1_1syntheticdatagenerator_1_1types_1_1_emergency_co
ntact-eps-converted-to.pdf>
Package pdftex.def Info: classuk_1_1gov_1_1gchq_1_1syntheticdatagenerator_1_1ty
pes_1_1_emergency_contact-eps-converted-to.pdf  used on input line 6.
(pdftex.def)             Requested size: 261.03775pt x 56.9055pt.
 [26] [27]
Underfull \hbox (badness 10000) detected at line 53
[][][]
 []


Underfull \hbox (badness 10000) in paragraph at lines 60--61
\T1/pcr/m/n/8 static [][]$ $[] uk.[]gov.[]gchq.[]syntheticdatagenerator.[]types
.[]Emergency[]Contact.[]generate[]
 []


Underfull \hbox (badness 10000) detected at line 73
[][][]
 []

[28]
Underfull \hbox (badness 10000) detected at line 86
[][][]
 []


Underfull \hbox (badness 10000) detected at line 99
[][][]
 []


Underfull \hbox (badness 10000) detected at line 112
[][][]
 []

[29]
Underfull \hbox (badness 10000) detected at line 170
[][][]
 []

) (classuk_1_1gov_1_1gchq_1_1syntheticdatagenerator_1_1types_1_1_employee.tex
Package epstopdf Info: Source file: <classuk_1_1gov_1_1gchq_1_1syntheticdatagen
erator_1_1types_1_1_employee.eps>
(epstopdf)                    date: 2022-01-18 19:16:42
(epstopdf)                    size: 3864 bytes
(epstopdf)             Output file: <classuk_1_1gov_1_1gchq_1_1syntheticdatagen
erator_1_1types_1_1_employee-eps-converted-to.pdf>
(epstopdf)                    date: 2022-01-19 16:11:46
(epstopdf)                    size: 6844 bytes
(epstopdf)             Command: <miktex-epstopdf --outfile=classuk_1_1gov_1_1gc
hq_1_1syntheticdatagenerator_1_1types_1_1_employee-eps-converted-to.pdf classuk
_1_1gov_1_1gchq_1_1syntheticdatagenerator_1_1types_1_1_employee.eps>
(epstopdf)             \includegraphics on input line 11.
Package epstopdf Info: Output file is already uptodate.


pdfTeX warning: pdflatex (file ./classuk_1_1gov_1_1gchq_1_1syntheticdatagenerat
or_1_1types_1_1_employee-eps-converted-to.pdf): PDF inclusion: found PDF versio
n <1.7>, but at most version <1.5> allowed
 <./classuk_1_1gov_1_1gchq_1_1syntheticdatagenerator_1_1types_1_1_employee-eps-
converted-to.pdf>
<classuk_1_1gov_1_1gchq_1_1syntheticdatagenerator_1_1types_1_1_employee-eps-con
verted-to.pdf, id=3455, 501.875pt x 127.47626pt>
File: classuk_1_1gov_1_1gchq_1_1syntheticdatagenerator_1_1types_1_1_employee-ep
s-converted-to.pdf Graphic file (type pdf)
<use classuk_1_1gov_1_1gchq_1_1syntheticdatagenerator_1_1types_1_1_employee-eps
-converted-to.pdf>
Package pdftex.def Info: classuk_1_1gov_1_1gchq_1_1syntheticdatagenerator_1_1ty
pes_1_1_employee-eps-converted-to.pdf  used on input line 11.
(pdftex.def)             Requested size: 224.04202pt x 56.9055pt.
 [30] [31] [32]
Underfull \hbox (badness 10000) detected at line 121
[][][]
 []


Underfull \hbox (badness 10000) detected at line 134
[][][]
 []


Underfull \hbox (badness 10000) detected at line 147
[][][]
 []


Underfull \hbox (badness 10000) detected at line 160
[][][]
 []


Underfull \hbox (badness 10000) detected at line 173
[][][]
 []

[33]
Underfull \hbox (badness 10000) detected at line 186
[][][]
 []


Underfull \hbox (badness 10000) detected at line 199
[][][]
 []


Underfull \hbox (badness 10000) detected at line 212
[][][]
 []


Underfull \hbox (badness 10000) detected at line 225
[][][]
 []

[34]
Underfull \hbox (badness 10000) detected at line 238
[][][]
 []


Underfull \hbox (badness 10000) detected at line 251
[][][]
 []


Underfull \hbox (badness 10000) detected at line 264
[][][]
 []


Underfull \hbox (badness 10000) detected at line 277
[][][]
 []

[35]
Underfull \hbox (badness 10000) detected at line 290
[][][]
 []


Underfull \hbox (badness 10000) detected at line 303
[][][]
 []


Underfull \hbox (badness 10000) detected at line 316
[][][]
 []


Underfull \hbox (badness 10000) detected at line 329
[][][]
 []

[36]
Underfull \hbox (badness 10000) detected at line 342
[][][]
 []

[37] [38] [39] [40] [41]
Underfull \hbox (badness 10000) detected at line 610
[][][]
 []

) (enumuk_1_1gov_1_1gchq_1_1syntheticdatagenerator_1_1types_1_1_grade.tex
[42]
Underfull \hbox (badness 10000) detected at line 45
[][][]
 []

[43])
(classuk_1_1gov_1_1gchq_1_1syntheticdatagenerator_1_1types_1_1_manager.tex
Package epstopdf Info: Source file: <classuk_1_1gov_1_1gchq_1_1syntheticdatagen
erator_1_1types_1_1_manager.eps>
(epstopdf)                    date: 2022-01-18 19:16:42
(epstopdf)                    size: 3862 bytes
(epstopdf)             Output file: <classuk_1_1gov_1_1gchq_1_1syntheticdatagen
erator_1_1types_1_1_manager-eps-converted-to.pdf>
(epstopdf)                    date: 2022-01-19 16:11:49
(epstopdf)                    size: 6661 bytes
(epstopdf)             Command: <miktex-epstopdf --outfile=classuk_1_1gov_1_1gc
hq_1_1syntheticdatagenerator_1_1types_1_1_manager-eps-converted-to.pdf classuk_
1_1gov_1_1gchq_1_1syntheticdatagenerator_1_1types_1_1_manager.eps>
(epstopdf)             \includegraphics on input line 11.
Package epstopdf Info: Output file is already uptodate.


pdfTeX warning: pdflatex (file ./classuk_1_1gov_1_1gchq_1_1syntheticdatagenerat
or_1_1types_1_1_manager-eps-converted-to.pdf): PDF inclusion: found PDF version
 <1.7>, but at most version <1.5> allowed
 <./classuk_1_1gov_1_1gchq_1_1syntheticdatagenerator_1_1types_1_1_manager-eps-c
onverted-to.pdf>
<classuk_1_1gov_1_1gchq_1_1syntheticdatagenerator_1_1types_1_1_manager-eps-conv
erted-to.pdf, id=3684, 501.875pt x 129.48375pt>
File: classuk_1_1gov_1_1gchq_1_1syntheticdatagenerator_1_1types_1_1_manager-eps
-converted-to.pdf Graphic file (type pdf)
<use classuk_1_1gov_1_1gchq_1_1syntheticdatagenerator_1_1types_1_1_manager-eps-
converted-to.pdf>
Package pdftex.def Info: classuk_1_1gov_1_1gchq_1_1syntheticdatagenerator_1_1ty
pes_1_1_manager-eps-converted-to.pdf  used on input line 11.
(pdftex.def)             Requested size: 220.5653pt x 56.9055pt.
 [44]
Underfull \hbox (badness 10000) detected at line 65
[][][]
 []

[45]
Underfull \hbox (badness 10000) detected at line 85
[][][]
 []


Underfull \hbox (badness 10000) detected at line 107
[][][]
 []


Underfull \hbox (badness 10000) detected at line 120
[][][]
 []


Underfull \hbox (badness 10000) detected at line 133
[][][]
 []

[46]
Underfull \hbox (badness 10000) detected at line 146
[][][]
 []

[47]
Underfull \hbox (badness 10000) detected at line 204
[][][]
 []

) (enumuk_1_1gov_1_1gchq_1_1syntheticdatagenerator_1_1types_1_1_nationality.tex
[48] [49] [50] [51] [52]
Underfull \hbox (badness 10000) detected at line 477
[][][]
 []

[53] [54] [55] [56] [57] [58] [59] [60] [61] [62] [63] [64] [65] [66] [67]
[68] [69] [70] [71] [72] [73] [74] [75] [76] [77] [78] [79] [80])
(classuk_1_1gov_1_1gchq_1_1syntheticdatagenerator_1_1types_1_1_phone_number.tex
Package epstopdf Info: Source file: <classuk_1_1gov_1_1gchq_1_1syntheticdatagen
erator_1_1types_1_1_phone_number.eps>
(epstopdf)                    date: 2022-01-18 19:16:42
(epstopdf)                    size: 3870 bytes
(epstopdf)             Output file: <classuk_1_1gov_1_1gchq_1_1syntheticdatagen
erator_1_1types_1_1_phone_number-eps-converted-to.pdf>
(epstopdf)                    date: 2022-01-19 16:11:51
(epstopdf)                    size: 6960 bytes
(epstopdf)             Command: <miktex-epstopdf --outfile=classuk_1_1gov_1_1gc
hq_1_1syntheticdatagenerator_1_1types_1_1_phone_number-eps-converted-to.pdf cla
ssuk_1_1gov_1_1gchq_1_1syntheticdatagenerator_1_1types_1_1_phone_number.eps>
(epstopdf)             \includegraphics on input line 6.
Package epstopdf Info: Output file is already uptodate.


pdfTeX warning: pdflatex (file ./classuk_1_1gov_1_1gchq_1_1syntheticdatagenerat
or_1_1types_1_1_phone_number-eps-converted-to.pdf): PDF inclusion: found PDF ve
rsion <1.7>, but at most version <1.5> allowed
 <./classuk_1_1gov_1_1gchq_1_1syntheticdatagenerator_1_1types_1_1_phone_number-
eps-converted-to.pdf>
<classuk_1_1gov_1_1gchq_1_1syntheticdatagenerator_1_1types_1_1_phone_number-eps
-converted-to.pdf, id=4341, 501.875pt x 118.4425pt>
File: classuk_1_1gov_1_1gchq_1_1syntheticdatagenerator_1_1types_1_1_phone_numbe
r-eps-converted-to.pdf Graphic file (type pdf)
<use classuk_1_1gov_1_1gchq_1_1syntheticdatagenerator_1_1types_1_1_phone_number
-eps-converted-to.pdf>
Package pdftex.def Info: classuk_1_1gov_1_1gchq_1_1syntheticdatagenerator_1_1ty
pes_1_1_phone_number-eps-converted-to.pdf  used on input line 6.
(pdftex.def)             Requested size: 241.11934pt x 56.9055pt.
 [81]
Underfull \hbox (badness 10000) detected at line 47
[][][]
 []

[82]
Underfull \hbox (badness 10000) detected at line 65
[][][]
 []


Underfull \hbox (badness 10000) detected at line 78
[][][]
 []


Underfull \hbox (badness 10000) detected at line 91
[][][]
 []

[83]
Underfull \hbox (badness 10000) detected at line 134
[][][]
 []

) (enumuk_1_1gov_1_1gchq_1_1syntheticdatagenerator_1_1types_1_1_relation.tex
[84]
Underfull \hbox (badness 10000) detected at line 39
[][][]
 []

)
(interfaceuk_1_1gov_1_1gchq_1_1syntheticdatagenerator_1_1serialise_1_1_serialis
er.tex
Package epstopdf Info: Source file: <interfaceuk_1_1gov_1_1gchq_1_1syntheticdat
agenerator_1_1serialise_1_1_serialiser.eps>
(epstopdf)                    date: 2022-01-18 19:16:42
(epstopdf)                    size: 3886 bytes
(epstopdf)             Output file: <interfaceuk_1_1gov_1_1gchq_1_1syntheticdat
agenerator_1_1serialise_1_1_serialiser-eps-converted-to.pdf>
(epstopdf)                    date: 2022-01-19 16:11:53
(epstopdf)                    size: 6614 bytes
(epstopdf)             Command: <miktex-epstopdf --outfile=interfaceuk_1_1gov_1
_1gchq_1_1syntheticdatagenerator_1_1serialise_1_1_serialiser-eps-converted-to.p
df interfaceuk_1_1gov_1_1gchq_1_1syntheticdatagenerator_1_1serialise_1_1_serial
iser.eps>
(epstopdf)             \includegraphics on input line 6.
Package epstopdf Info: Output file is already uptodate.


pdfTeX warning: pdflatex (file ./interfaceuk_1_1gov_1_1gchq_1_1syntheticdatagen
erator_1_1serialise_1_1_serialiser-eps-converted-to.pdf): PDF inclusion: found 
PDF version <1.7>, but at most version <1.5> allowed
 <./interfaceuk_1_1gov_1_1gchq_1_1syntheticdatagenerator_1_1serialise_1_1_seria
liser-eps-converted-to.pdf>
<interfaceuk_1_1gov_1_1gchq_1_1syntheticdatagenerator_1_1serialise_1_1_serialis
er-eps-converted-to.pdf, id=4407, 501.875pt x 112.42pt>
File: interfaceuk_1_1gov_1_1gchq_1_1syntheticdatagenerator_1_1serialise_1_1_ser
ialiser-eps-converted-to.pdf Graphic file (type pdf)
<use interfaceuk_1_1gov_1_1gchq_1_1syntheticdatagenerator_1_1serialise_1_1_seri
aliser-eps-converted-to.pdf>
Package pdftex.def Info: interfaceuk_1_1gov_1_1gchq_1_1syntheticdatagenerator_1
_1serialise_1_1_serialiser-eps-converted-to.pdf  used on input line 6.
(pdftex.def)             Requested size: 254.04602pt x 56.9055pt.
 [85]

Package hyperref Warning: Suppressing link with empty target on input line 23.


Package hyperref Warning: Suppressing link with empty target on input line 37.


Package hyperref Warning: Suppressing link with empty target on input line 37.


Underfull \hbox (badness 10000) detected at line 44
[][][]
 []

[86]

Package hyperref Warning: Suppressing link with empty target on input line 64.


Package hyperref Warning: Suppressing link with empty target on input line 64.

) (enumuk_1_1gov_1_1gchq_1_1syntheticdatagenerator_1_1types_1_1_sex.tex
LaTeX Font Info:    Font shape `TS1/phv/m/it' in size <9> not available
(Font)              Font shape `TS1/phv/m/sl' tried instead on input line 7.
LaTeX Font Info:    Font shape `TS1/phv/m/sl' will be
(Font)              scaled to size 8.09995pt on input line 7.

[87]
Underfull \hbox (badness 10000) detected at line 37
[][][]
 []

[88]) (enumuk_1_1gov_1_1gchq_1_1syntheticdatagenerator_1_1types_1_1_subject.tex
[89]
Underfull \hbox (badness 10000) detected at line 63
[][][]
 []


Underfull \hbox (badness 10000) in paragraph at lines 73--74
\T1/pcr/m/n/8 uk.[]gov.[]gchq.[]syntheticdatagenerator.[]types.[]Subject.[]ARQU
ITECTURAS[]_[][]AVANZADAS[]_[][]Y[]_[][]DE[]_[][]PROPOSITO[]_[][]
 []


Underfull \hbox (badness 10000) in paragraph at lines 85--86
\T1/pcr/m/n/8 uk.[]gov.[]gchq.[]syntheticdatagenerator.[]types.[]Subject.[]DESA
RROLLO[]_[][]Y[]_[][]MANTENIMENTO[]_[][]DE[]_[][]SISTEMAS[]_[][]DE[]_[][]
 []

[90]
Underfull \hbox (badness 10000) in paragraph at lines 163--164
\T1/pcr/m/n/8 uk.[]gov.[]gchq.[]syntheticdatagenerator.[]types.[]Subject.[]TECN
OLOGIAS[]_[][]DE[]_[][]LA[]_[][]INFORMACION[]_[][]PARA[]_[][]LAS[]_[][]
 []

[91])
(classuk_1_1gov_1_1gchq_1_1syntheticdatagenerator_1_1types_1_1_teacher.tex
Package epstopdf Info: Source file: <classuk_1_1gov_1_1gchq_1_1syntheticdatagen
erator_1_1types_1_1_teacher.eps>
(epstopdf)                    date: 2022-01-18 19:16:42
(epstopdf)                    size: 3862 bytes
(epstopdf)             Output file: <classuk_1_1gov_1_1gchq_1_1syntheticdatagen
erator_1_1types_1_1_teacher-eps-converted-to.pdf>
(epstopdf)                    date: 2022-01-19 16:11:55
(epstopdf)                    size: 6641 bytes
(epstopdf)             Command: <miktex-epstopdf --outfile=classuk_1_1gov_1_1gc
hq_1_1syntheticdatagenerator_1_1types_1_1_teacher-eps-converted-to.pdf classuk_
1_1gov_1_1gchq_1_1syntheticdatagenerator_1_1types_1_1_teacher.eps>
(epstopdf)             \includegraphics on input line 11.
Package epstopdf Info: Output file is already uptodate.


pdfTeX warning: pdflatex (file ./classuk_1_1gov_1_1gchq_1_1syntheticdatagenerat
or_1_1types_1_1_teacher-eps-converted-to.pdf): PDF inclusion: found PDF version
 <1.7>, but at most version <1.5> allowed
 <./classuk_1_1gov_1_1gchq_1_1syntheticdatagenerator_1_1types_1_1_teacher-eps-c
onverted-to.pdf>
<classuk_1_1gov_1_1gchq_1_1syntheticdatagenerator_1_1types_1_1_teacher-eps-conv
erted-to.pdf, id=4521, 501.875pt x 131.49126pt>
File: classuk_1_1gov_1_1gchq_1_1syntheticdatagenerator_1_1types_1_1_teacher-eps
-converted-to.pdf Graphic file (type pdf)
<use classuk_1_1gov_1_1gchq_1_1syntheticdatagenerator_1_1types_1_1_teacher-eps-
converted-to.pdf>
Package pdftex.def Info: classuk_1_1gov_1_1gchq_1_1syntheticdatagenerator_1_1ty
pes_1_1_teacher-eps-converted-to.pdf  used on input line 11.
(pdftex.def)             Requested size: 217.19579pt x 56.9055pt.
 [92] [93]
Underfull \hbox (badness 10000) detected at line 107
[][][]
 []

[94]
Underfull \hbox (badness 10000) detected at line 125
[][][]
 []


Underfull \hbox (badness 10000) detected at line 138
[][][]
 []


Underfull \hbox (badness 10000) detected at line 151
[][][]
 []


Underfull \hbox (badness 10000) detected at line 164
[][][]
 []


Underfull \hbox (badness 10000) detected at line 177
[][][]
 []

[95]
Underfull \hbox (badness 10000) detected at line 190
[][][]
 []


Underfull \hbox (badness 10000) detected at line 203
[][][]
 []


Underfull \hbox (badness 10000) detected at line 216
[][][]
 []


Underfull \hbox (badness 10000) detected at line 229
[][][]
 []

[96]
Underfull \hbox (badness 10000) detected at line 242
[][][]
 []


Underfull \hbox (badness 10000) detected at line 255
[][][]
 []


Underfull \hbox (badness 10000) detected at line 268
[][][]
 []


Underfull \hbox (badness 10000) detected at line 281
[][][]
 []

[97]
Underfull \hbox (badness 10000) detected at line 294
[][][]
 []


Underfull \hbox (badness 10000) detected at line 307
[][][]
 []


Underfull \hbox (badness 10000) detected at line 320
[][][]
 []

[98] [99] [100] [101] [102]
Underfull \hbox (badness 10000) detected at line 558
[][][]
 []

)
(classuk_1_1gov_1_1gchq_1_1syntheticdatagenerator_1_1types_1_1_thread_local_fak
er.tex [103]
Underfull \hbox (badness 10000) detected at line 33
[][][]
 []

) (classuk_1_1gov_1_1gchq_1_1syntheticdatagenerator_1_1types_1_1_user_id.tex
Package epstopdf Info: Source file: <classuk_1_1gov_1_1gchq_1_1syntheticdatagen
erator_1_1types_1_1_user_id.eps>
(epstopdf)                    date: 2022-01-18 19:16:42
(epstopdf)                    size: 3860 bytes
(epstopdf)             Output file: <classuk_1_1gov_1_1gchq_1_1syntheticdatagen
erator_1_1types_1_1_user_id-eps-converted-to.pdf>
(epstopdf)                    date: 2022-01-19 16:11:57
(epstopdf)                    size: 6726 bytes
(epstopdf)             Command: <miktex-epstopdf --outfile=classuk_1_1gov_1_1gc
hq_1_1syntheticdatagenerator_1_1types_1_1_user_id-eps-converted-to.pdf classuk_
1_1gov_1_1gchq_1_1syntheticdatagenerator_1_1types_1_1_user_id.eps>
(epstopdf)             \includegraphics on input line 6.
Package epstopdf Info: Output file is already uptodate.


pdfTeX warning: pdflatex (file ./classuk_1_1gov_1_1gchq_1_1syntheticdatagenerat
or_1_1types_1_1_user_id-eps-converted-to.pdf): PDF inclusion: found PDF version
 <1.7>, but at most version <1.5> allowed
 <./classuk_1_1gov_1_1gchq_1_1syntheticdatagenerator_1_1types_1_1_user_id-eps-c
onverted-to.pdf>
<classuk_1_1gov_1_1gchq_1_1syntheticdatagenerator_1_1types_1_1_user_id-eps-conv
erted-to.pdf, id=4711, 501.875pt x 136.51pt>
File: classuk_1_1gov_1_1gchq_1_1syntheticdatagenerator_1_1types_1_1_user_id-eps
-converted-to.pdf Graphic file (type pdf)
<use classuk_1_1gov_1_1gchq_1_1syntheticdatagenerator_1_1types_1_1_user_id-eps-
converted-to.pdf>
Package pdftex.def Info: classuk_1_1gov_1_1gchq_1_1syntheticdatagenerator_1_1ty
pes_1_1_user_id-eps-converted-to.pdf  used on input line 6.
(pdftex.def)             Requested size: 209.20851pt x 56.9055pt.
 [104]
Underfull \hbox (badness 10000) detected at line 57
[][][]
 []

[105]
Underfull \hbox (badness 10000) detected at line 79
[][][]
 []

)
(classuk_1_1gov_1_1gchq_1_1syntheticdatagenerator_1_1types_1_1_work_location.te
x
Package epstopdf Info: Source file: <classuk_1_1gov_1_1gchq_1_1syntheticdatagen
erator_1_1types_1_1_work_location.eps>
(epstopdf)                    date: 2022-01-18 19:16:42
(epstopdf)                    size: 3872 bytes
(epstopdf)             Output file: <classuk_1_1gov_1_1gchq_1_1syntheticdatagen
erator_1_1types_1_1_work_location-eps-converted-to.pdf>
(epstopdf)                    date: 2022-01-19 16:11:58
(epstopdf)                    size: 6783 bytes
(epstopdf)             Command: <miktex-epstopdf --outfile=classuk_1_1gov_1_1gc
hq_1_1syntheticdatagenerator_1_1types_1_1_work_location-eps-converted-to.pdf cl
assuk_1_1gov_1_1gchq_1_1syntheticdatagenerator_1_1types_1_1_work_location.eps>
(epstopdf)             \includegraphics on input line 6.
Package epstopdf Info: Output file is already uptodate.


pdfTeX warning: pdflatex (file ./classuk_1_1gov_1_1gchq_1_1syntheticdatagenerat
or_1_1types_1_1_work_location-eps-converted-to.pdf): PDF inclusion: found PDF v
ersion <1.7>, but at most version <1.5> allowed
 <./classuk_1_1gov_1_1gchq_1_1syntheticdatagenerator_1_1types_1_1_work_location
-eps-converted-to.pdf>
<classuk_1_1gov_1_1gchq_1_1syntheticdatagenerator_1_1types_1_1_work_location-ep
s-converted-to.pdf, id=4749, 501.875pt x 119.44624pt>
File: classuk_1_1gov_1_1gchq_1_1syntheticdatagenerator_1_1types_1_1_work_locati
on-eps-converted-to.pdf Graphic file (type pdf)
<use classuk_1_1gov_1_1gchq_1_1syntheticdatagenerator_1_1types_1_1_work_locatio
n-eps-converted-to.pdf>
Package pdftex.def Info: classuk_1_1gov_1_1gchq_1_1syntheticdatagenerator_1_1ty
pes_1_1_work_location-eps-converted-to.pdf  used on input line 6.
(pdftex.def)             Requested size: 239.09763pt x 56.9055pt.
 [106]
Underfull \hbox (badness 10000) detected at line 47
[][][]
 []


Underfull \hbox (badness 10000) detected at line 60
[][][]
 []

[107]
Underfull \hbox (badness 10000) detected at line 73
[][][]
 []


Underfull \hbox (badness 10000) detected at line 116
[][][]
 []

)
(enumuk_1_1gov_1_1gchq_1_1syntheticdatagenerator_1_1types_1_1_work_location_nam
e.tex [108] [109]
Underfull \hbox (badness 10000) detected at line 105
[][][]
 []

[110] [111] [112] [113]) [114]
Chapter 7.
(_create_data_8java.tex) (_create_data_file_8java.tex) (package-info_8java.tex)
(serialise_2package-info_8java.tex) (types_2package-info_8java.tex [115

])
(utils_2package-info_8java.tex) (_avro_serialiser_8java.tex)
(_serialiser_8java.tex) (_address_8java.tex [116]) (_bank_details_8java.tex)
(_department_8java.tex) (_emergency_contact_8java.tex) (_employee_8java.tex
[117]) (_grade_8java.tex) (_manager_8java.tex) (_nationality_8java.tex)
(_phone_number_8java.tex [118]) (_relation_8java.tex) (_sex_8java.tex)
(_subject_8java.tex [119]) (_teacher_8java.tex) (_thread_local_faker_8java.tex)
(_user_id_8java.tex) (_work_location_8java.tex [120])
(_work_location_name_8java.tex) (_date_helper_8java.tex) [121] [122

]
(refman.ind
Overfull \hbox (46.32231pt too wide) in paragraph at lines 4--6
[]| \T1/phv/m/n/10 uk.gov.gchq.syntheticdatagenerator.types.WorkLocationName,
 []


Overfull \hbox (46.32231pt too wide) in paragraph at lines 10--12
[]| \T1/phv/m/n/10 uk.gov.gchq.syntheticdatagenerator.types.WorkLocationName,
 []


Overfull \hbox (46.32231pt too wide) in paragraph at lines 19--21
[]| \T1/phv/m/n/10 uk.gov.gchq.syntheticdatagenerator.types.WorkLocationName,
 []


Overfull \hbox (46.32231pt too wide) in paragraph at lines 22--24
[]| \T1/phv/m/n/10 uk.gov.gchq.syntheticdatagenerator.types.WorkLocationName,
 []


Overfull \hbox (58.10135pt too wide) in paragraph at lines 42--43
[]\T1/phv/m/n/10 ARQUITECTURAS_AVANZADAS_Y_DE_PROPOSITO_ESPECIFICO 
 []


Underfull \hbox (badness 10000) in paragraph at lines 43--45
[]| \T1/phv/m/n/10 uk.gov.gchq.syntheticdatagenerator.types.Subject,
 []


Overfull \hbox (46.32231pt too wide) in paragraph at lines 46--48
[]| \T1/phv/m/n/10 uk.gov.gchq.syntheticdatagenerator.types.WorkLocationName,
 []


Overfull \hbox (40.12328pt too wide) in paragraph at lines 55--57
[]| \T1/phv/m/n/10 uk.gov.gchq.syntheticdatagenerator.serialise.AvroSerialiser$
\OML/cmm/m/it/10 <$
 []


Overfull \hbox (46.32231pt too wide) in paragraph at lines 76--78
[]| \T1/phv/m/n/10 uk.gov.gchq.syntheticdatagenerator.types.WorkLocationName,
 []


Overfull \hbox (46.32231pt too wide) in paragraph at lines 97--99
[]| \T1/phv/m/n/10 uk.gov.gchq.syntheticdatagenerator.types.WorkLocationName,
 []

[123


]
Overfull \hbox (46.32231pt too wide) in paragraph at lines 121--123
[]| \T1/phv/m/n/10 uk.gov.gchq.syntheticdatagenerator.types.WorkLocationName,
 []


Overfull \hbox (46.32231pt too wide) in paragraph at lines 139--141
[]| \T1/phv/m/n/10 uk.gov.gchq.syntheticdatagenerator.types.WorkLocationName,
 []


Underfull \hbox (badness 10000) in paragraph at lines 205--207
[]| \T1/phv/m/n/10 uk.gov.gchq.syntheticdatagenerator.types.Subject,
 []


Overfull \hbox (46.32231pt too wide) in paragraph at lines 214--216
[]| \T1/phv/m/n/10 uk.gov.gchq.syntheticdatagenerator.types.WorkLocationName,
 []

[124]
Underfull \hbox (badness 10000) in paragraph at lines 223--225
[]| \T1/phv/m/n/10 uk.gov.gchq.syntheticdatagenerator.CreateData,
 []


Overfull \hbox (81.618pt too wide) in paragraph at lines 252--253
[]\T1/phv/m/n/10 DESARROLLO_Y_MANTENIMENTO_DE_SISTEMAS_DE_INFORMACION 
 []


Underfull \hbox (badness 10000) in paragraph at lines 253--255
[]| \T1/phv/m/n/10 uk.gov.gchq.syntheticdatagenerator.types.Subject,
 []


Overfull \hbox (40.12328pt too wide) in paragraph at lines 256--258
[]| \T1/phv/m/n/10 uk.gov.gchq.syntheticdatagenerator.serialise.AvroSerialiser$
\OML/cmm/m/it/10 <$
 []


Overfull \hbox (21.9795pt too wide) in paragraph at lines 258--260
[]| \T1/phv/m/n/10 uk.gov.gchq.syntheticdatagenerator.serialise.Serialiser$\OML
/cmm/m/it/10 <$
 []


Underfull \hbox (badness 10000) in paragraph at lines 294--296
[]| \T1/phv/m/n/10 uk.gov.gchq.syntheticdatagenerator.types.UserId,
 []


Overfull \hbox (15.45285pt too wide) in paragraph at lines 341--343
[]| \T1/phv/m/n/10 uk.gov.gchq.syntheticdatagenerator.types.BankDetails,
 []


Overfull \hbox (43.96436pt too wide) in paragraph at lines 345--347
[]| \T1/phv/m/n/10 uk.gov.gchq.syntheticdatagenerator.types.EmergencyContact,
 []

[125]
Underfull \hbox (badness 10000) in paragraph at lines 349--351
[]| \T1/phv/m/n/10 uk.gov.gchq.syntheticdatagenerator.types.Grade,
 []


Overfull \hbox (25.46066pt too wide) in paragraph at lines 355--357
[]| \T1/phv/m/n/10 uk.gov.gchq.syntheticdatagenerator.types.PhoneNumber,
 []


Underfull \hbox (badness 10000) in paragraph at lines 361--363
[]| \T1/phv/m/n/10 uk.gov.gchq.syntheticdatagenerator.types.Subject,
 []


Underfull \hbox (badness 10000) in paragraph at lines 363--365
[]| \T1/phv/m/n/10 uk.gov.gchq.syntheticdatagenerator.types.Teacher,
 []


Overfull \hbox (22.31967pt too wide) in paragraph at lines 365--367
[]| \T1/phv/m/n/10 uk.gov.gchq.syntheticdatagenerator.types.WorkLocation,
 []


Overfull \hbox (46.32231pt too wide) in paragraph at lines 367--369
[]| \T1/phv/m/n/10 uk.gov.gchq.syntheticdatagenerator.types.WorkLocationName,
 []


Overfull \hbox (43.96436pt too wide) in paragraph at lines 376--378
[]| \T1/phv/m/n/10 uk.gov.gchq.syntheticdatagenerator.types.EmergencyContact,
 []


Overfull \hbox (25.46066pt too wide) in paragraph at lines 380--382
[]| \T1/phv/m/n/10 uk.gov.gchq.syntheticdatagenerator.types.PhoneNumber,
 []


Underfull \hbox (badness 10000) in paragraph at lines 388--390
[]| \T1/phv/m/n/10 uk.gov.gchq.syntheticdatagenerator.types.Teacher,
 []


Underfull \hbox (badness 10000) in paragraph at lines 397--399
[]| \T1/phv/m/n/10 uk.gov.gchq.syntheticdatagenerator.types.Subject,
 []


Overfull \hbox (41.80241pt too wide) in paragraph at lines 399--400
[]\T1/phv/m/n/10 GESTION_DEL_CONOCIMIENTO_EN_LAS_ORGANIZACIONES 
 []


Underfull \hbox (badness 10000) in paragraph at lines 400--402
[]| \T1/phv/m/n/10 uk.gov.gchq.syntheticdatagenerator.types.Subject,
 []


Overfull \hbox (15.45285pt too wide) in paragraph at lines 403--405
[]| \T1/phv/m/n/10 uk.gov.gchq.syntheticdatagenerator.types.BankDetails,
 []


Underfull \hbox (badness 10000) in paragraph at lines 408--410
[]| \T1/phv/m/n/10 uk.gov.gchq.syntheticdatagenerator.types.Teacher,
 []


Overfull \hbox (22.31967pt too wide) in paragraph at lines 410--412
[]| \T1/phv/m/n/10 uk.gov.gchq.syntheticdatagenerator.types.WorkLocation,
 []


Overfull \hbox (46.32231pt too wide) in paragraph at lines 413--415
[]| \T1/phv/m/n/10 uk.gov.gchq.syntheticdatagenerator.types.WorkLocationName,
 []


Overfull \hbox (21.9795pt too wide) in paragraph at lines 422--424
[]| \T1/phv/m/n/10 uk.gov.gchq.syntheticdatagenerator.serialise.Serialiser$\OML
/cmm/m/it/10 <$
 []


Overfull \hbox (43.96436pt too wide) in paragraph at lines 425--427
[]| \T1/phv/m/n/10 uk.gov.gchq.syntheticdatagenerator.types.EmergencyContact,
 []


Overfull \hbox (43.96436pt too wide) in paragraph at lines 428--430
[]| \T1/phv/m/n/10 uk.gov.gchq.syntheticdatagenerator.types.EmergencyContact,
 []


Underfull \hbox (badness 10000) in paragraph at lines 432--434
[]| \T1/phv/m/n/10 uk.gov.gchq.syntheticdatagenerator.types.Teacher,
 []


Underfull \hbox (badness 10000) in paragraph at lines 437--439
[]| \T1/phv/m/n/10 uk.gov.gchq.syntheticdatagenerator.types.Teacher,
 []


Underfull \hbox (badness 10000) in paragraph at lines 442--444
[]| \T1/phv/m/n/10 uk.gov.gchq.syntheticdatagenerator.types.Teacher,
 []


Overfull \hbox (40.12328pt too wide) in paragraph at lines 445--447
[]| \T1/phv/m/n/10 uk.gov.gchq.syntheticdatagenerator.serialise.AvroSerialiser$
\OML/cmm/m/it/10 <$
 []


Underfull \hbox (badness 10000) in paragraph at lines 450--452
[]| \T1/phv/m/n/10 uk.gov.gchq.syntheticdatagenerator.types.Teacher,
 []


Overfull \hbox (39.83351pt too wide) in paragraph at lines 456--458
[]| \T1/phv/m/n/10 uk.gov.gchq.syntheticdatagenerator.types.ThreadLocalFaker,
 []


Underfull \hbox (badness 10000) in paragraph at lines 464--466
[]| \T1/phv/m/n/10 uk.gov.gchq.syntheticdatagenerator.types.Teacher,
 []

[126]
Underfull \hbox (badness 10000) in paragraph at lines 467--469
[]| \T1/phv/m/n/10 uk.gov.gchq.syntheticdatagenerator.types.UserId,
 []


Underfull \hbox (badness 10000) in paragraph at lines 474--476
[]| \T1/phv/m/n/10 uk.gov.gchq.syntheticdatagenerator.types.Teacher,
 []


Underfull \hbox (badness 10000) in paragraph at lines 482--484
[]| \T1/phv/m/n/10 uk.gov.gchq.syntheticdatagenerator.types.Teacher,
 []


Underfull \hbox (badness 10000) in paragraph at lines 487--489
[]| \T1/phv/m/n/10 uk.gov.gchq.syntheticdatagenerator.types.Teacher,
 []


Overfull \hbox (25.46066pt too wide) in paragraph at lines 490--492
[]| \T1/phv/m/n/10 uk.gov.gchq.syntheticdatagenerator.types.PhoneNumber,
 []


Overfull \hbox (43.96436pt too wide) in paragraph at lines 493--495
[]| \T1/phv/m/n/10 uk.gov.gchq.syntheticdatagenerator.types.EmergencyContact,
 []


Underfull \hbox (badness 10000) in paragraph at lines 498--500
[]| \T1/phv/m/n/10 uk.gov.gchq.syntheticdatagenerator.types.Teacher,
 []


Underfull \hbox (badness 10000) in paragraph at lines 503--505
[]| \T1/phv/m/n/10 uk.gov.gchq.syntheticdatagenerator.types.Teacher,
 []


Underfull \hbox (badness 10000) in paragraph at lines 508--510
[]| \T1/phv/m/n/10 uk.gov.gchq.syntheticdatagenerator.types.Teacher,
 []


Overfull \hbox (15.45285pt too wide) in paragraph at lines 511--513
[]| \T1/phv/m/n/10 uk.gov.gchq.syntheticdatagenerator.types.BankDetails,
 []


Underfull \hbox (badness 10000) in paragraph at lines 523--525
[]| \T1/phv/m/n/10 uk.gov.gchq.syntheticdatagenerator.types.Teacher,
 []


Overfull \hbox (25.46066pt too wide) in paragraph at lines 529--531
[]| \T1/phv/m/n/10 uk.gov.gchq.syntheticdatagenerator.types.PhoneNumber,
 []


Underfull \hbox (badness 10000) in paragraph at lines 536--538
[]| \T1/phv/m/n/10 uk.gov.gchq.syntheticdatagenerator.types.Teacher,
 []


Underfull \hbox (badness 10000) in paragraph at lines 541--543
[]| \T1/phv/m/n/10 uk.gov.gchq.syntheticdatagenerator.types.Teacher,
 []


Overfull \hbox (22.31967pt too wide) in paragraph at lines 544--546
[]| \T1/phv/m/n/10 uk.gov.gchq.syntheticdatagenerator.types.WorkLocation,
 []


Overfull \hbox (46.32231pt too wide) in paragraph at lines 556--558
[]| \T1/phv/m/n/10 uk.gov.gchq.syntheticdatagenerator.types.WorkLocationName,
 []


Underfull \hbox (badness 10000) in paragraph at lines 559--561
[]| \T1/phv/m/n/10 uk.gov.gchq.syntheticdatagenerator.types.Grade,
 []


Underfull \hbox (badness 10000) in paragraph at lines 562--564
[]| \T1/phv/m/n/10 uk.gov.gchq.syntheticdatagenerator.types.Grade,
 []


Underfull \hbox (badness 10000) in paragraph at lines 565--567
[]| \T1/phv/m/n/10 uk.gov.gchq.syntheticdatagenerator.types.Grade,
 []


Underfull \hbox (badness 10000) in paragraph at lines 568--570
[]| \T1/phv/m/n/10 uk.gov.gchq.syntheticdatagenerator.types.Grade,
 []


Underfull \hbox (badness 10000) in paragraph at lines 571--573
[]| \T1/phv/m/n/10 uk.gov.gchq.syntheticdatagenerator.types.Grade,
 []


Underfull \hbox (badness 10000) in paragraph at lines 574--576
[]| \T1/phv/m/n/10 uk.gov.gchq.syntheticdatagenerator.types.Grade,
 []


Underfull \hbox (badness 10000) in paragraph at lines 577--579
[]| \T1/phv/m/n/10 uk.gov.gchq.syntheticdatagenerator.types.Grade,
 []


Underfull \hbox (badness 10000) in paragraph at lines 580--582
[]| \T1/phv/m/n/10 uk.gov.gchq.syntheticdatagenerator.types.Grade,
 []

[127]
Overfull \hbox (46.32231pt too wide) in paragraph at lines 583--585
[]| \T1/phv/m/n/10 uk.gov.gchq.syntheticdatagenerator.types.WorkLocationName,
 []


Underfull \hbox (badness 10000) in paragraph at lines 616--618
[]| \T1/phv/m/n/10 uk.gov.gchq.syntheticdatagenerator.types.UserId,
 []


Overfull \hbox (100.6706pt too wide) in paragraph at lines 624--625
[]\T1/phv/m/n/10 HIGHER_POLYTECHNIC_SCHOOL_OF_ENGINEERING_AND_TECHNOLOGY 
 []


Overfull \hbox (46.32231pt too wide) in paragraph at lines 634--636
[]| \T1/phv/m/n/10 uk.gov.gchq.syntheticdatagenerator.types.WorkLocationName,
 []


Underfull \hbox (badness 10000) in paragraph at lines 649--651
[]| \T1/phv/m/n/10 uk.gov.gchq.syntheticdatagenerator.types.UserId,
 []


Underfull \hbox (badness 10000) in paragraph at lines 658--660
[]| \T1/phv/m/n/10 uk.gov.gchq.syntheticdatagenerator.types.Subject,
 []


Underfull \hbox (badness 10000) in paragraph at lines 661--663
[]| \T1/phv/m/n/10 uk.gov.gchq.syntheticdatagenerator.types.Subject,
 []


Overfull \hbox (22.31728pt too wide) in paragraph at lines 692--694
[]\T1/phv/m/n/10 java/uk/gov/gchq/syntheticdatagenerator/CreateDataFile.java,
 []


Underfull \hbox (badness 10000) in paragraph at lines 694--696
[]\T1/phv/m/n/10 java/uk/gov/gchq/syntheticdatagenerator/package-
 []


Overfull \hbox (52.90755pt too wide) in paragraph at lines 696--698
[]\T1/phv/m/n/10 java/uk/gov/gchq/syntheticdatagenerator/serialise/AvroSerialis
er.java,
 []


Overfull \hbox (34.76378pt too wide) in paragraph at lines 700--702
[]\T1/phv/m/n/10 java/uk/gov/gchq/syntheticdatagenerator/serialise/Serialiser.j
ava,
 []


Overfull \hbox (18.82542pt too wide) in paragraph at lines 702--704
[]\T1/phv/m/n/10 java/uk/gov/gchq/syntheticdatagenerator/types/Address.java,
 []

[128]
Overfull \hbox (33.82813pt too wide) in paragraph at lines 704--706
[]\T1/phv/m/n/10 java/uk/gov/gchq/syntheticdatagenerator/types/BankDetails.java
,
 []


Overfull \hbox (33.32385pt too wide) in paragraph at lines 706--708
[]\T1/phv/m/n/10 java/uk/gov/gchq/syntheticdatagenerator/types/Department.java,

 []


Overfull \hbox (62.47455pt too wide) in paragraph at lines 708--710
[]\T1/phv/m/n/10 java/uk/gov/gchq/syntheticdatagenerator/types/EmergencyContact
.java,
 []


Overfull \hbox (25.37738pt too wide) in paragraph at lines 710--712
[]\T1/phv/m/n/10 java/uk/gov/gchq/syntheticdatagenerator/types/Employee.java,
 []


Overfull \hbox (21.01222pt too wide) in paragraph at lines 714--716
[]\T1/phv/m/n/10 java/uk/gov/gchq/syntheticdatagenerator/types/Manager.java,
 []


Overfull \hbox (27.06003pt too wide) in paragraph at lines 716--718
[]\T1/phv/m/n/10 java/uk/gov/gchq/syntheticdatagenerator/types/Nationality.java
,
 []


Overfull \hbox (43.52084pt too wide) in paragraph at lines 720--722
[]\T1/phv/m/n/10 java/uk/gov/gchq/syntheticdatagenerator/types/PhoneNumber.java
,
 []


Overfull \hbox (18.96022pt too wide) in paragraph at lines 722--724
[]\T1/phv/m/n/10 java/uk/gov/gchq/syntheticdatagenerator/types/Relation.java,
 []


Overfull \hbox (15.96329pt too wide) in paragraph at lines 726--728
[]\T1/phv/m/n/10 java/uk/gov/gchq/syntheticdatagenerator/types/Subject.java,
 []


Overfull \hbox (17.43037pt too wide) in paragraph at lines 728--730
[]\T1/phv/m/n/10 java/uk/gov/gchq/syntheticdatagenerator/types/Teacher.java,
 []


Overfull \hbox (57.89369pt too wide) in paragraph at lines 730--732
[]\T1/phv/m/n/10 java/uk/gov/gchq/syntheticdatagenerator/types/ThreadLocalFaker
.java,
 []


Overfull \hbox (40.82986pt too wide) in paragraph at lines 734--736
[]\T1/phv/m/n/10 java/uk/gov/gchq/syntheticdatagenerator/types/WorkLocation.jav
a,
 []


Overfull \hbox (64.69759pt too wide) in paragraph at lines 736--738
[]\T1/phv/m/n/10 java/uk/gov/gchq/syntheticdatagenerator/types/WorkLocationName
.java,
 []


Overfull \hbox (25.50305pt too wide) in paragraph at lines 738--740
[]\T1/phv/m/n/10 java/uk/gov/gchq/syntheticdatagenerator/utils/DateHelper.java,

 []


Underfull \hbox (badness 10000) in paragraph at lines 740--742
[]\T1/phv/m/n/10 java/uk/gov/gchq/syntheticdatagenerator/utils/package-
 []


Overfull \hbox (46.32231pt too wide) in paragraph at lines 743--745
[]| \T1/phv/m/n/10 uk.gov.gchq.syntheticdatagenerator.types.WorkLocationName,
 []


Underfull \hbox (badness 10000) in paragraph at lines 773--775
[]| \T1/phv/m/n/10 uk.gov.gchq.syntheticdatagenerator.types.Subject,
 []


Overfull \hbox (46.32231pt too wide) in paragraph at lines 779--781
[]| \T1/phv/m/n/10 uk.gov.gchq.syntheticdatagenerator.types.WorkLocationName,
 []


Overfull \hbox (46.32231pt too wide) in paragraph at lines 815--817
[]| \T1/phv/m/n/10 uk.gov.gchq.syntheticdatagenerator.types.WorkLocationName,
 []


Underfull \hbox (badness 10000) in paragraph at lines 818--820
[]| \T1/phv/m/n/10 uk.gov.gchq.syntheticdatagenerator.CreateData,
 []


Overfull \hbox (46.32231pt too wide) in paragraph at lines 821--823
[]| \T1/phv/m/n/10 uk.gov.gchq.syntheticdatagenerator.types.WorkLocationName,
 []

[129]
Overfull \hbox (46.32231pt too wide) in paragraph at lines 845--847
[]| \T1/phv/m/n/10 uk.gov.gchq.syntheticdatagenerator.types.WorkLocationName,
 []


Overfull \hbox (46.32231pt too wide) in paragraph at lines 890--892
[]| \T1/phv/m/n/10 uk.gov.gchq.syntheticdatagenerator.types.WorkLocationName,
 []


Underfull \hbox (badness 10000) in paragraph at lines 920--922
[]| \T1/phv/m/n/10 uk.gov.gchq.syntheticdatagenerator.types.Subject,
 []

[130]
Overfull \hbox (46.32231pt too wide) in paragraph at lines 956--958
[]| \T1/phv/m/n/10 uk.gov.gchq.syntheticdatagenerator.types.WorkLocationName,
 []


Overfull \hbox (46.32231pt too wide) in paragraph at lines 959--961
[]| \T1/phv/m/n/10 uk.gov.gchq.syntheticdatagenerator.types.WorkLocationName,
 []


Overfull \hbox (46.32231pt too wide) in paragraph at lines 992--994
[]| \T1/phv/m/n/10 uk.gov.gchq.syntheticdatagenerator.types.WorkLocationName,
 []


Overfull \hbox (46.32231pt too wide) in paragraph at lines 995--997
[]| \T1/phv/m/n/10 uk.gov.gchq.syntheticdatagenerator.types.WorkLocationName,
 []


Underfull \hbox (badness 10000) in paragraph at lines 1010--1012
[]| \T1/phv/m/n/10 uk.gov.gchq.syntheticdatagenerator.types.Subject,
 []


Overfull \hbox (46.32231pt too wide) in paragraph at lines 1025--1027
[]| \T1/phv/m/n/10 uk.gov.gchq.syntheticdatagenerator.types.WorkLocationName,
 []


Overfull \hbox (46.32231pt too wide) in paragraph at lines 1037--1039
[]| \T1/phv/m/n/10 uk.gov.gchq.syntheticdatagenerator.types.WorkLocationName,
 []


Overfull \hbox (46.32231pt too wide) in paragraph at lines 1040--1042
[]| \T1/phv/m/n/10 uk.gov.gchq.syntheticdatagenerator.types.WorkLocationName,
 []


Overfull \hbox (46.32231pt too wide) in paragraph at lines 1043--1045
[]| \T1/phv/m/n/10 uk.gov.gchq.syntheticdatagenerator.types.WorkLocationName,
 []


Overfull \hbox (46.32231pt too wide) in paragraph at lines 1046--1048
[]| \T1/phv/m/n/10 uk.gov.gchq.syntheticdatagenerator.types.WorkLocationName,
 []


Overfull \hbox (46.32231pt too wide) in paragraph at lines 1049--1051
[]| \T1/phv/m/n/10 uk.gov.gchq.syntheticdatagenerator.types.WorkLocationName,
 []


Underfull \hbox (badness 10000) in paragraph at lines 1067--1069
[]| \T1/phv/m/n/10 uk.gov.gchq.syntheticdatagenerator.types.Subject,
 []


Overfull \hbox (40.12328pt too wide) in paragraph at lines 1076--1078
[]| \T1/phv/m/n/10 uk.gov.gchq.syntheticdatagenerator.serialise.AvroSerialiser$
\OML/cmm/m/it/10 <$
 []

[131]
Overfull \hbox (21.9795pt too wide) in paragraph at lines 1078--1080
[]| \T1/phv/m/n/10 uk.gov.gchq.syntheticdatagenerator.serialise.Serialiser$\OML
/cmm/m/it/10 <$
 []


Overfull \hbox (15.45285pt too wide) in paragraph at lines 1081--1083
[]| \T1/phv/m/n/10 uk.gov.gchq.syntheticdatagenerator.types.BankDetails,
 []


Underfull \hbox (badness 10000) in paragraph at lines 1086--1088
[]| \T1/phv/m/n/10 uk.gov.gchq.syntheticdatagenerator.types.Teacher,
 []


Overfull \hbox (22.31967pt too wide) in paragraph at lines 1088--1090
[]| \T1/phv/m/n/10 uk.gov.gchq.syntheticdatagenerator.types.WorkLocation,
 []


Overfull \hbox (21.9795pt too wide) in paragraph at lines 1097--1099
[]| \T1/phv/m/n/10 uk.gov.gchq.syntheticdatagenerator.serialise.Serialiser$\OML
/cmm/m/it/10 <$
 []


Overfull \hbox (43.96436pt too wide) in paragraph at lines 1100--1102
[]| \T1/phv/m/n/10 uk.gov.gchq.syntheticdatagenerator.types.EmergencyContact,
 []


Overfull \hbox (43.96436pt too wide) in paragraph at lines 1103--1105
[]| \T1/phv/m/n/10 uk.gov.gchq.syntheticdatagenerator.types.EmergencyContact,
 []


Underfull \hbox (badness 10000) in paragraph at lines 1107--1109
[]| \T1/phv/m/n/10 uk.gov.gchq.syntheticdatagenerator.types.Teacher,
 []


Underfull \hbox (badness 10000) in paragraph at lines 1112--1114
[]| \T1/phv/m/n/10 uk.gov.gchq.syntheticdatagenerator.types.Teacher,
 []


Underfull \hbox (badness 10000) in paragraph at lines 1117--1119
[]| \T1/phv/m/n/10 uk.gov.gchq.syntheticdatagenerator.types.Teacher,
 []


Underfull \hbox (badness 10000) in paragraph at lines 1122--1124
[]| \T1/phv/m/n/10 uk.gov.gchq.syntheticdatagenerator.types.Teacher,
 []


Underfull \hbox (badness 10000) in paragraph at lines 1130--1132
[]| \T1/phv/m/n/10 uk.gov.gchq.syntheticdatagenerator.types.Teacher,
 []


Underfull \hbox (badness 10000) in paragraph at lines 1133--1135
[]| \T1/phv/m/n/10 uk.gov.gchq.syntheticdatagenerator.types.UserId,
 []


Underfull \hbox (badness 10000) in paragraph at lines 1140--1142
[]| \T1/phv/m/n/10 uk.gov.gchq.syntheticdatagenerator.types.Teacher,
 []


Underfull \hbox (badness 10000) in paragraph at lines 1148--1150
[]| \T1/phv/m/n/10 uk.gov.gchq.syntheticdatagenerator.types.Teacher,
 []


Underfull \hbox (badness 10000) in paragraph at lines 1153--1155
[]| \T1/phv/m/n/10 uk.gov.gchq.syntheticdatagenerator.types.Teacher,
 []


Overfull \hbox (25.46066pt too wide) in paragraph at lines 1156--1158
[]| \T1/phv/m/n/10 uk.gov.gchq.syntheticdatagenerator.types.PhoneNumber,
 []


Overfull \hbox (43.96436pt too wide) in paragraph at lines 1159--1161
[]| \T1/phv/m/n/10 uk.gov.gchq.syntheticdatagenerator.types.EmergencyContact,
 []


Underfull \hbox (badness 10000) in paragraph at lines 1164--1166
[]| \T1/phv/m/n/10 uk.gov.gchq.syntheticdatagenerator.types.Teacher,
 []


Underfull \hbox (badness 10000) in paragraph at lines 1169--1171
[]| \T1/phv/m/n/10 uk.gov.gchq.syntheticdatagenerator.types.Teacher,
 []


Underfull \hbox (badness 10000) in paragraph at lines 1174--1176
[]| \T1/phv/m/n/10 uk.gov.gchq.syntheticdatagenerator.types.Teacher,
 []


Overfull \hbox (15.45285pt too wide) in paragraph at lines 1177--1179
[]| \T1/phv/m/n/10 uk.gov.gchq.syntheticdatagenerator.types.BankDetails,
 []


Underfull \hbox (badness 10000) in paragraph at lines 1189--1191
[]| \T1/phv/m/n/10 uk.gov.gchq.syntheticdatagenerator.types.Teacher,
 []

[132]
Overfull \hbox (25.46066pt too wide) in paragraph at lines 1195--1197
[]| \T1/phv/m/n/10 uk.gov.gchq.syntheticdatagenerator.types.PhoneNumber,
 []


Underfull \hbox (badness 10000) in paragraph at lines 1202--1204
[]| \T1/phv/m/n/10 uk.gov.gchq.syntheticdatagenerator.types.Teacher,
 []


Underfull \hbox (badness 10000) in paragraph at lines 1207--1209
[]| \T1/phv/m/n/10 uk.gov.gchq.syntheticdatagenerator.types.Teacher,
 []


Overfull \hbox (22.31967pt too wide) in paragraph at lines 1210--1212
[]| \T1/phv/m/n/10 uk.gov.gchq.syntheticdatagenerator.types.WorkLocation,
 []


Overfull \hbox (46.32231pt too wide) in paragraph at lines 1216--1218
[]| \T1/phv/m/n/10 uk.gov.gchq.syntheticdatagenerator.types.WorkLocationName,
 []


Underfull \hbox (badness 10000) in paragraph at lines 1228--1230
[]| \T1/phv/m/n/10 uk.gov.gchq.syntheticdatagenerator.types.Subject,
 []


Underfull \hbox (badness 10000) in paragraph at lines 1231--1233
[]| \T1/phv/m/n/10 uk.gov.gchq.syntheticdatagenerator.types.Subject,
 []


Underfull \hbox (badness 10000) in paragraph at lines 1234--1236
[]| \T1/phv/m/n/10 uk.gov.gchq.syntheticdatagenerator.types.Subject,
 []


Underfull \hbox (badness 10000) in paragraph at lines 1237--1239
[]| \T1/phv/m/n/10 uk.gov.gchq.syntheticdatagenerator.types.Subject,
 []


Overfull \hbox (46.32231pt too wide) in paragraph at lines 1309--1311
[]| \T1/phv/m/n/10 uk.gov.gchq.syntheticdatagenerator.types.WorkLocationName,
 []


Overfull \hbox (81.32971pt too wide) in paragraph at lines 1311--1312
[]\T1/phv/m/n/10 TECNOLOGIAS_DE_LA_INFORMACION_PARA_LAS_ORGANIZACIONES 
 []

[133]
Underfull \hbox (badness 10000) in paragraph at lines 1312--1314
[]| \T1/phv/m/n/10 uk.gov.gchq.syntheticdatagenerator.types.Subject,
 []


Overfull \hbox (46.32231pt too wide) in paragraph at lines 1321--1323
[]| \T1/phv/m/n/10 uk.gov.gchq.syntheticdatagenerator.types.WorkLocationName,
 []


Overfull \hbox (15.45285pt too wide) in paragraph at lines 1329--1331
[]| \T1/phv/m/n/10 uk.gov.gchq.syntheticdatagenerator.types.BankDetails,
 []


Overfull \hbox (43.96436pt too wide) in paragraph at lines 1331--1333
[]| \T1/phv/m/n/10 uk.gov.gchq.syntheticdatagenerator.types.EmergencyContact,
 []


Overfull \hbox (25.46066pt too wide) in paragraph at lines 1337--1339
[]| \T1/phv/m/n/10 uk.gov.gchq.syntheticdatagenerator.types.PhoneNumber,
 []


Underfull \hbox (badness 10000) in paragraph at lines 1339--1341
[]| \T1/phv/m/n/10 uk.gov.gchq.syntheticdatagenerator.types.Teacher,
 []


Underfull \hbox (badness 10000) in paragraph at lines 1341--1343
[]| \T1/phv/m/n/10 uk.gov.gchq.syntheticdatagenerator.types.UserId,
 []


Overfull \hbox (22.31967pt too wide) in paragraph at lines 1343--1345
[]| \T1/phv/m/n/10 uk.gov.gchq.syntheticdatagenerator.types.WorkLocation,
 []


Overfull \hbox (20.12328pt too wide) in paragraph at lines 1385--1387
[]\T1/phv/m/n/10 uk.gov.gchq.syntheticdatagenerator.serialise.AvroSerialiser$\O
ML/cmm/m/it/10 <$
 []


Underfull \hbox (badness 10000) in paragraph at lines 1412--1414
[]\T1/phv/m/n/10 uk.gov.gchq.syntheticdatagenerator.types.BankDetails,
 []


Underfull \hbox (badness 10000) in paragraph at lines 1420--1422
[]\T1/phv/m/n/10 uk.gov.gchq.syntheticdatagenerator.types.Department,
 []


Overfull \hbox (31.15796pt too wide) in paragraph at lines 1428--1430
[]| \T1/phv/m/n/10 HIGHER_POLYTECHNIC_SCHOOL_OF_ENGINEERING,
 []


Overfull \hbox (123.17249pt too wide) in paragraph at lines 1430--1432
[]| \T1/phv/m/n/10 HIGHER_POLYTECHNIC_SCHOOL_OF_ENGINEERING_AND_TECHNOLOGY,
 []

[134]
Overfull \hbox (20.11545pt too wide) in paragraph at lines 1435--1437
[]| \T1/phv/m/n/10 SCHOOL_DOCTORAL_AND_GRADUATES_STUDIES,
 []


Overfull \hbox (23.96436pt too wide) in paragraph at lines 1440--1442
[]\T1/phv/m/n/10 uk.gov.gchq.syntheticdatagenerator.types.EmergencyContact,
 []


Underfull \hbox (badness 10000) in paragraph at lines 1513--1515
[]\T1/phv/m/n/10 uk.gov.gchq.syntheticdatagenerator.types.Nationality,
 []

[135] [136]
Overfull \hbox (80.60324pt too wide) in paragraph at lines 1765--1767
[]| \T1/phv/m/n/10 AR-QUI-TEC-TURAS_AVANZADAS_Y_DE_PROPOSITO_ESPECIFICO,
 []


Overfull \hbox (104.11989pt too wide) in paragraph at lines 1768--1770
[]| \T1/phv/m/n/10 DE-SAR-ROLLO_Y_MANTENIMENTO_DE_SISTEMAS_DE_INFORMACION,
 []


Overfull \hbox (64.3043pt too wide) in paragraph at lines 1772--1774
[]| \T1/phv/m/n/10 GES-TION_DEL_CONOCIMIENTO_EN_LAS_ORGANIZACIONES,
 []


Overfull \hbox (33.73201pt too wide) in paragraph at lines 1776--1778
[]| \T1/phv/m/n/10 LAB-O-RA-TO-RIO_DE_DESARROLLO_Y_HERRAMIENTAS,
 []


Underfull \hbox (badness 10000) in paragraph at lines 1780--1781
[]| \T1/phv/m/n/10 SE-GURI-DAD_DE_SISTEMAS_INFORMATICOS,
 []

[137]
Overfull \hbox (103.8316pt too wide) in paragraph at lines 1785--1787
[]| \T1/phv/m/n/10 TEC-NOLO-GIAS_DE_LA_INFORMACION_PARA_LAS_ORGANIZACIONES,
 []


Overfull \hbox (19.83351pt too wide) in paragraph at lines 1823--1825
[]\T1/phv/m/n/10 uk.gov.gchq.syntheticdatagenerator.types.ThreadLocalFaker,
 []


Overfull \hbox (26.32231pt too wide) in paragraph at lines 1845--1847
[]\T1/phv/m/n/10 uk.gov.gchq.syntheticdatagenerator.types.WorkLocationName,
 []


Overfull \hbox (39.83351pt too wide) in paragraph at lines 1895--1897
[]| \T1/phv/m/n/10 uk.gov.gchq.syntheticdatagenerator.types.ThreadLocalFaker,
 []


Overfull \hbox (39.83351pt too wide) in paragraph at lines 1898--1900
[]| \T1/phv/m/n/10 uk.gov.gchq.syntheticdatagenerator.types.ThreadLocalFaker,
 []

[138]
Underfull \hbox (badness 10000) in paragraph at lines 1904--1906
[]| \T1/phv/m/n/10 uk.gov.gchq.syntheticdatagenerator.types.UserId,
 []


Overfull \hbox (46.32231pt too wide) in paragraph at lines 1913--1915
[]| \T1/phv/m/n/10 uk.gov.gchq.syntheticdatagenerator.types.WorkLocationName,
 []


Overfull \hbox (46.32231pt too wide) in paragraph at lines 1916--1918
[]| \T1/phv/m/n/10 uk.gov.gchq.syntheticdatagenerator.types.WorkLocationName,
 []


Overfull \hbox (46.32231pt too wide) in paragraph at lines 1928--1930
[]| \T1/phv/m/n/10 uk.gov.gchq.syntheticdatagenerator.types.WorkLocationName,
 []


Underfull \hbox (badness 10000) in paragraph at lines 1934--1936
[]| \T1/phv/m/n/10 uk.gov.gchq.syntheticdatagenerator.types.Subject,
 []


Overfull \hbox (46.32231pt too wide) in paragraph at lines 1937--1939
[]| \T1/phv/m/n/10 uk.gov.gchq.syntheticdatagenerator.types.WorkLocationName,
 []


Overfull \hbox (46.32231pt too wide) in paragraph at lines 1961--1963
[]| \T1/phv/m/n/10 uk.gov.gchq.syntheticdatagenerator.types.WorkLocationName,
 []

[139

]) (refman.aux)
Package rerunfilecheck Info: File `refman.out' has not changed.
(rerunfilecheck)             Checksum: 57DCBFCC6951E40868601BFB6E09C0FA;122094.

 ) 
Here is how much of TeX's memory you used:
 20040 strings out of 478927
 437583 string characters out of 2852534
 766312 words of memory out of 3000000
 36027 multiletter control sequences out of 15000+600000
 462536 words of font info for 102 fonts, out of 8000000 for 9000
 1141 hyphenation exceptions out of 8191
 101i,16n,117p,641b,637s stack positions out of 5000i,500n,10000p,200000b,80000s
{C:/Users/laura/AppData/Local/Programs/MiKTeX/fonts/enc/dvips/base/8r.enc}<C:
/Users/laura/AppData/Local/Programs/MiKTeX/fonts/type1/public/amsfonts/cm/cmmi1
0.pfb><C:/Users/laura/AppData/Local/Programs/MiKTeX/fonts/type1/public/amsfonts
/cm/cmmi12.pfb><C:/Users/laura/AppData/Local/Programs/MiKTeX/fonts/type1/public
/amsfonts/cm/cmmi7.pfb><C:/Users/laura/AppData/Local/Programs/MiKTeX/fonts/type
1/public/amsfonts/cm/cmmi8.pfb><C:/Users/laura/AppData/Local/Programs/MiKTeX/fo
nts/type1/public/amsfonts/cm/cmsy7.pfb><C:/Users/laura/AppData/Local/Programs/M
iKTeX/fonts/type1/urw/courier/ucrr8a.pfb><C:/Users/laura/AppData/Local/Programs
/MiKTeX/fonts/type1/urw/courier/ucrro8a.pfb><C:/Users/laura/AppData/Local/Progr
ams/MiKTeX/fonts/type1/urw/helvetic/uhvb8a.pfb><C:/Users/laura/AppData/Local/Pr
ograms/MiKTeX/fonts/type1/urw/helvetic/uhvb8ac.pfb><C:/Users/laura/AppData/Loca
l/Programs/MiKTeX/fonts/type1/urw/helvetic/uhvr8a.pfb><C:/Users/laura/AppData/L
ocal/Programs/MiKTeX/fonts/type1/urw/helvetic/uhvro8a.pfb>
Output written on refman.pdf (155 pages, 1341861 bytes).
PDF statistics:
 6424 PDF objects out of 7423 (max. 8388607)
 1413 named destinations out of 1440 (max. 500000)
 4621 words of extra memory for PDF output out of 10000 (max. 10000000)

